2025-12-05 12:57:20 - app - INFO - Successfully mounted static files directory at: C:\Users\gaura\OneDrive\Desktop\project-1\backend\static
2025-12-05 12:57:20 - app - INFO - Starting Face Recognition Attendance System v1.0.0
2025-12-05 12:57:20 - app - INFO - === REGISTERED ROUTES ===
2025-12-05 12:57:20 - app - INFO - API_V1_STR setting: /api/v1
2025-12-05 12:57:20 - app - INFO -   {'HEAD', 'GET'} /api/v1/openapi.json
2025-12-05 12:57:20 - app - INFO -   {'HEAD', 'GET'} /docs
2025-12-05 12:57:20 - app - INFO -   {'HEAD', 'GET'} /docs/oauth2-redirect
2025-12-05 12:57:20 - app - INFO -   {'HEAD', 'GET'} /redoc
2025-12-05 12:57:20 - app - INFO -   [MOUNT] /static
2025-12-05 12:57:20 - app - INFO -   {'POST'} /api/v1/auth/login
2025-12-05 12:57:20 - app - INFO -   {'POST'} /api/v1/auth/register
2025-12-05 12:57:20 - app - INFO -   {'GET'} /api/v1/auth/me
2025-12-05 12:57:20 - app - INFO -   {'POST'} /api/v1/face/register-face
2025-12-05 12:57:20 - app - INFO -   {'POST'} /api/v1/face/mark-attendance
2025-12-05 12:57:20 - app - INFO -   {'GET'} /api/v1/face/face-count
2025-12-05 12:57:20 - app - INFO -   {'GET'} /api/v1/attendance/records
2025-12-05 12:57:20 - app - INFO -   {'GET'} /api/v1/attendance/report
2025-12-05 12:57:20 - app - INFO -   {'DELETE'} /api/v1/attendance/records/{attendance_id}
2025-12-05 12:58:49 - app - INFO - Request started - Method: POST, URL: http://localhost:8000/api/v1/auth/login, Client: 127.0.0.1
2025-12-05 12:58:49 - app - INFO - Login attempt for user: 2237889.aids.cec@cgc.edu.in
2025-12-05 12:58:50 - app - INFO - Successful login for user: 2237889.aids.cec@cgc.edu.in
2025-12-05 12:58:50 - app - INFO - Request completed - Method: POST, URL: http://localhost:8000/api/v1/auth/login, Status: 200, Duration: 0.607s
2025-12-05 12:58:50 - app - INFO - Request started - Method: OPTIONS, URL: http://localhost:8000/api/v1/auth/me, Client: 127.0.0.1
2025-12-05 12:58:50 - app - INFO - Request completed - Method: OPTIONS, URL: http://localhost:8000/api/v1/auth/me, Status: 200, Duration: 0.001s
2025-12-05 12:58:50 - app - INFO - Request started - Method: GET, URL: http://localhost:8000/api/v1/auth/me, Client: 127.0.0.1
2025-12-05 12:58:50 - app - INFO - Profile accessed by user: 2237889.aids.cec@cgc.edu.in
2025-12-05 12:58:50 - app - INFO - Request completed - Method: GET, URL: http://localhost:8000/api/v1/auth/me, Status: 200, Duration: 0.012s
2025-12-05 13:08:35 - app - INFO - Request started - Method: OPTIONS, URL: http://localhost:8000/api/v1/face/mark-attendance?session_id=Python, Client: 127.0.0.1
2025-12-05 13:08:35 - app - INFO - Request completed - Method: OPTIONS, URL: http://localhost:8000/api/v1/face/mark-attendance?session_id=Python, Status: 200, Duration: 0.007s
2025-12-05 13:08:35 - app - INFO - Request started - Method: POST, URL: http://localhost:8000/api/v1/face/mark-attendance?session_id=Python, Client: 127.0.0.1
2025-12-05 13:08:35 - app - INFO - Attendance marking attempt by user: 2237889.aids.cec@cgc.edu.in, session: Python
2025-12-05 13:08:38 - app - INFO - Found 1 face matches in attendance image
2025-12-05 13:08:38 - app - INFO - Request completed - Method: POST, URL: http://localhost:8000/api/v1/face/mark-attendance?session_id=Python, Status: 200, Duration: 3.283s
