2025-06-05 14:36:10 - app - INFO - Successfully mounted static files directory at: C:\Users\gaura\OneDrive\Desktop\project-1\backend\static
2025-06-05 14:36:10 - app - INFO - Starting Face Recognition Attendance System v1.0.0
2025-06-05 14:36:10 - app - INFO - === REGISTERED ROUTES ===
2025-06-05 14:36:10 - app - INFO - API_V1_STR setting: /api/v1
2025-06-05 14:36:10 - app - INFO -   {'GET', 'HEAD'} /api/v1/openapi.json
2025-06-05 14:36:10 - app - INFO -   {'GET', 'HEAD'} /docs
2025-06-05 14:36:10 - app - INFO -   {'GET', 'HEAD'} /docs/oauth2-redirect
2025-06-05 14:36:10 - app - INFO -   {'GET', 'HEAD'} /redoc
2025-06-05 14:36:10 - app - INFO -   [MOUNT] /static
2025-06-05 14:36:10 - app - INFO -   {'POST'} /api/v1/auth/login
2025-06-05 14:36:10 - app - INFO -   {'POST'} /api/v1/auth/register
2025-06-05 14:36:10 - app - INFO -   {'GET'} /api/v1/auth/me
2025-06-05 14:36:10 - app - INFO -   {'POST'} /api/v1/face/register-face
2025-06-05 14:36:10 - app - INFO -   {'POST'} /api/v1/face/mark-attendance
2025-06-05 14:36:10 - app - INFO -   {'GET'} /api/v1/face/face-count
2025-06-05 14:36:10 - app - INFO -   {'GET'} /api/v1/attendance/records
2025-06-05 14:36:10 - app - INFO -   {'GET'} /api/v1/attendance/report
2025-06-05 14:36:10 - app - INFO -   {'DELETE'} /api/v1/attendance/records/{attendance_id}
2025-06-05 14:37:16 - app - INFO - Request started - Method: POST, URL: http://localhost:8000/api/v1/auth/login, Client: 127.0.0.1
2025-06-05 14:37:16 - app - INFO - Login attempt for user: 2237889.aids.cec@cgc.edu.in
2025-06-05 14:37:17 - app - INFO - Successful login for user: 2237889.aids.cec@cgc.edu.in
2025-06-05 14:37:17 - app - INFO - Request completed - Method: POST, URL: http://localhost:8000/api/v1/auth/login, Status: 200, Duration: 0.608s
2025-06-05 14:37:17 - app - INFO - Request started - Method: OPTIONS, URL: http://localhost:8000/api/v1/auth/me, Client: 127.0.0.1
2025-06-05 14:37:17 - app - INFO - Request completed - Method: OPTIONS, URL: http://localhost:8000/api/v1/auth/me, Status: 200, Duration: 0.001s
2025-06-05 14:37:17 - app - INFO - Request started - Method: GET, URL: http://localhost:8000/api/v1/auth/me, Client: 127.0.0.1
2025-06-05 14:37:17 - app - INFO - Profile accessed by user: 2237889.aids.cec@cgc.edu.in
2025-06-05 14:37:17 - app - INFO - Request completed - Method: GET, URL: http://localhost:8000/api/v1/auth/me, Status: 200, Duration: 0.016s
2025-06-05 14:37:36 - app - INFO - Request started - Method: OPTIONS, URL: http://localhost:8000/api/v1/face/mark-attendance?session_id=MATH101_2024_01_15, Client: 127.0.0.1
2025-06-05 14:37:36 - app - INFO - Request completed - Method: OPTIONS, URL: http://localhost:8000/api/v1/face/mark-attendance?session_id=MATH101_2024_01_15, Status: 200, Duration: 0.001s
2025-06-05 14:37:37 - app - INFO - Request started - Method: POST, URL: http://localhost:8000/api/v1/face/mark-attendance?session_id=MATH101_2024_01_15, Client: 127.0.0.1
2025-06-05 14:37:37 - app - INFO - Attendance marking attempt by user: 2237889.aids.cec@cgc.edu.in, session: MATH101_2024_01_15
2025-06-05 14:37:37 - app - INFO - Found 0 face matches in attendance image
2025-06-05 14:37:37 - app - INFO - Successfully marked attendance for 2 users in session: MATH101_2024_01_15
2025-06-05 14:37:37 - app - INFO - Request completed - Method: POST, URL: http://localhost:8000/api/v1/face/mark-attendance?session_id=MATH101_2024_01_15, Status: 200, Duration: 0.413s
2025-06-05 14:41:10 - app - INFO - Request started - Method: POST, URL: http://localhost:8000/api/v1/face/mark-attendance?session_id=MATH101_2024_01_15, Client: 127.0.0.1
2025-06-05 14:41:10 - app - INFO - Attendance marking attempt by user: 2237889.aids.cec@cgc.edu.in, session: MATH101_2024_01_15
2025-06-05 14:41:11 - app - INFO - Found 0 face matches in attendance image
2025-06-05 14:41:11 - app - INFO - Successfully marked attendance for 2 users in session: MATH101_2024_01_15
2025-06-05 14:41:11 - app - INFO - Request completed - Method: POST, URL: http://localhost:8000/api/v1/face/mark-attendance?session_id=MATH101_2024_01_15, Status: 200, Duration: 0.445s
2025-06-05 14:41:28 - app - INFO - Request started - Method: POST, URL: http://localhost:8000/api/v1/auth/login, Client: 127.0.0.1
2025-06-05 14:41:28 - app - INFO - Login attempt for user: 2237889.aids.cec@cgc.edu.in
2025-06-05 14:41:28 - app - INFO - Successful login for user: 2237889.aids.cec@cgc.edu.in
2025-06-05 14:41:28 - app - INFO - Request completed - Method: POST, URL: http://localhost:8000/api/v1/auth/login, Status: 200, Duration: 0.317s
2025-06-05 14:41:28 - app - INFO - Request started - Method: GET, URL: http://localhost:8000/api/v1/auth/me, Client: 127.0.0.1
2025-06-05 14:41:28 - app - INFO - Profile accessed by user: 2237889.aids.cec@cgc.edu.in
2025-06-05 14:41:28 - app - INFO - Request completed - Method: GET, URL: http://localhost:8000/api/v1/auth/me, Status: 200, Duration: 0.018s
2025-06-05 14:41:38 - app - INFO - Request started - Method: POST, URL: http://localhost:8000/api/v1/face/mark-attendance?session_id=MATH101_2024_01_15, Client: 127.0.0.1
2025-06-05 14:41:38 - app - INFO - Attendance marking attempt by user: 2237889.aids.cec@cgc.edu.in, session: MATH101_2024_01_15
2025-06-05 14:41:39 - app - INFO - Found 1 face matches in attendance image
2025-06-05 14:41:39 - app - INFO - Successfully marked attendance for 2 users in session: MATH101_2024_01_15
2025-06-05 14:41:39 - app - INFO - Request completed - Method: POST, URL: http://localhost:8000/api/v1/face/mark-attendance?session_id=MATH101_2024_01_15, Status: 200, Duration: 1.265s
2025-06-05 14:42:28 - app - INFO - Request started - Method: OPTIONS, URL: http://localhost:8000/api/v1/face/face-count, Client: 127.0.0.1
2025-06-05 14:42:28 - app - INFO - Request started - Method: OPTIONS, URL: http://localhost:8000/api/v1/face/face-count, Client: 127.0.0.1
2025-06-05 14:42:28 - app - INFO - Request completed - Method: OPTIONS, URL: http://localhost:8000/api/v1/face/face-count, Status: 200, Duration: 0.004s
2025-06-05 14:42:28 - app - INFO - Request completed - Method: OPTIONS, URL: http://localhost:8000/api/v1/face/face-count, Status: 200, Duration: 0.005s
2025-06-05 14:42:29 - app - INFO - Request started - Method: GET, URL: http://localhost:8000/api/v1/face/face-count, Client: 127.0.0.1
2025-06-05 14:42:29 - app - INFO - Retrieving face count for user: 2237889.aids.cec@cgc.edu.in
2025-06-05 14:42:29 - app - INFO - Retrieved face count successfully: 0 faces for user 2237889.aids.cec@cgc.edu.in
2025-06-05 14:42:29 - app - INFO - Request completed - Method: GET, URL: http://localhost:8000/api/v1/face/face-count, Status: 200, Duration: 0.081s
2025-06-05 14:42:29 - app - INFO - Request started - Method: GET, URL: http://localhost:8000/api/v1/face/face-count, Client: 127.0.0.1
2025-06-05 14:42:29 - app - INFO - Retrieving face count for user: 2237889.aids.cec@cgc.edu.in
2025-06-05 14:42:29 - app - INFO - Retrieved face count successfully: 0 faces for user 2237889.aids.cec@cgc.edu.in
2025-06-05 14:42:29 - app - INFO - Request completed - Method: GET, URL: http://localhost:8000/api/v1/face/face-count, Status: 200, Duration: 0.014s
2025-06-05 14:45:06 - app - INFO - Request started - Method: POST, URL: http://localhost:8000/api/v1/auth/login, Client: 127.0.0.1
2025-06-05 14:45:06 - app - INFO - Login attempt for user: 2237889.aids.cec@cgc.edu.in
2025-06-05 14:45:06 - app - INFO - Successful login for user: 2237889.aids.cec@cgc.edu.in
2025-06-05 14:45:06 - app - INFO - Request completed - Method: POST, URL: http://localhost:8000/api/v1/auth/login, Status: 200, Duration: 0.274s
2025-06-05 14:45:06 - app - INFO - Request started - Method: GET, URL: http://localhost:8000/api/v1/auth/me, Client: 127.0.0.1
2025-06-05 14:45:06 - app - INFO - Profile accessed by user: 2237889.aids.cec@cgc.edu.in
2025-06-05 14:45:06 - app - INFO - Request completed - Method: GET, URL: http://localhost:8000/api/v1/auth/me, Status: 200, Duration: 0.007s
2025-06-05 14:45:19 - app - INFO - Request started - Method: OPTIONS, URL: http://localhost:8000/api/v1/attendance/records?start_date=2025-06-04&end_date=2025-06-05, Client: 127.0.0.1
2025-06-05 14:45:19 - app - INFO - Request completed - Method: OPTIONS, URL: http://localhost:8000/api/v1/attendance/records?start_date=2025-06-04&end_date=2025-06-05, Status: 200, Duration: 0.001s
2025-06-05 14:45:19 - app - INFO - Request started - Method: GET, URL: http://localhost:8000/api/v1/attendance/records?start_date=2025-06-04&end_date=2025-06-05, Client: 127.0.0.1
2025-06-05 14:47:03 - app - INFO - Request started - Method: GET, URL: http://localhost:8000/api/v1/face/face-count, Client: 127.0.0.1
2025-06-05 14:47:03 - app - INFO - Retrieving face count for user: 2237889.aids.cec@cgc.edu.in
2025-06-05 14:47:03 - app - INFO - Retrieved face count successfully: 0 faces for user 2237889.aids.cec@cgc.edu.in
2025-06-05 14:47:03 - app - INFO - Request completed - Method: GET, URL: http://localhost:8000/api/v1/face/face-count, Status: 200, Duration: 0.077s
2025-06-05 14:47:03 - app - INFO - Request started - Method: GET, URL: http://localhost:8000/api/v1/face/face-count, Client: 127.0.0.1
2025-06-05 14:47:03 - app - INFO - Retrieving face count for user: 2237889.aids.cec@cgc.edu.in
2025-06-05 14:47:03 - app - INFO - Retrieved face count successfully: 0 faces for user 2237889.aids.cec@cgc.edu.in
2025-06-05 14:47:03 - app - INFO - Request completed - Method: GET, URL: http://localhost:8000/api/v1/face/face-count, Status: 200, Duration: 0.010s
2025-06-05 14:52:13 - app - INFO - Request started - Method: OPTIONS, URL: http://localhost:8000/api/v1/attendance/records?start_date=2025-06-05&end_date=2025-06-05, Client: 127.0.0.1
2025-06-05 14:52:13 - app - INFO - Request completed - Method: OPTIONS, URL: http://localhost:8000/api/v1/attendance/records?start_date=2025-06-05&end_date=2025-06-05, Status: 200, Duration: 0.007s
2025-06-05 14:52:13 - app - INFO - Request started - Method: GET, URL: http://localhost:8000/api/v1/attendance/records?start_date=2025-06-05&end_date=2025-06-05, Client: 127.0.0.1
2025-06-05 14:55:29 - app - INFO - Successfully mounted static files directory at: C:\Users\gaura\OneDrive\Desktop\project-1\backend\static
2025-06-05 14:55:29 - app - INFO - Starting Face Recognition Attendance System v1.0.0
2025-06-05 14:55:29 - app - INFO - === REGISTERED ROUTES ===
2025-06-05 14:55:29 - app - INFO - API_V1_STR setting: /api/v1
2025-06-05 14:55:29 - app - INFO -   {'HEAD', 'GET'} /api/v1/openapi.json
2025-06-05 14:55:29 - app - INFO -   {'HEAD', 'GET'} /docs
2025-06-05 14:55:29 - app - INFO -   {'HEAD', 'GET'} /docs/oauth2-redirect
2025-06-05 14:55:29 - app - INFO -   {'HEAD', 'GET'} /redoc
2025-06-05 14:55:29 - app - INFO -   [MOUNT] /static
2025-06-05 14:55:29 - app - INFO -   {'POST'} /api/v1/auth/login
2025-06-05 14:55:29 - app - INFO -   {'POST'} /api/v1/auth/register
2025-06-05 14:55:29 - app - INFO -   {'GET'} /api/v1/auth/me
2025-06-05 14:55:29 - app - INFO -   {'POST'} /api/v1/face/register-face
2025-06-05 14:55:29 - app - INFO -   {'POST'} /api/v1/face/mark-attendance
2025-06-05 14:55:29 - app - INFO -   {'GET'} /api/v1/face/face-count
2025-06-05 14:55:29 - app - INFO -   {'GET'} /api/v1/attendance/records
2025-06-05 14:55:29 - app - INFO -   {'GET'} /api/v1/attendance/report
2025-06-05 14:55:29 - app - INFO -   {'DELETE'} /api/v1/attendance/records/{attendance_id}
2025-06-05 14:55:53 - app - INFO - Request started - Method: POST, URL: http://localhost:8000/api/v1/auth/login, Client: 127.0.0.1
2025-06-05 14:55:53 - app - INFO - Login attempt for user: 2237889.aids.cec@cgc.edu.in
2025-06-05 14:55:53 - app - INFO - Successful login for user: 2237889.aids.cec@cgc.edu.in
2025-06-05 14:55:53 - app - INFO - Request completed - Method: POST, URL: http://localhost:8000/api/v1/auth/login, Status: 200, Duration: 0.384s
2025-06-05 14:55:54 - app - INFO - Request started - Method: OPTIONS, URL: http://localhost:8000/api/v1/auth/me, Client: 127.0.0.1
2025-06-05 14:55:54 - app - INFO - Request completed - Method: OPTIONS, URL: http://localhost:8000/api/v1/auth/me, Status: 200, Duration: 0.001s
2025-06-05 14:55:54 - app - INFO - Request started - Method: GET, URL: http://localhost:8000/api/v1/auth/me, Client: 127.0.0.1
2025-06-05 14:55:54 - app - INFO - Profile accessed by user: 2237889.aids.cec@cgc.edu.in
2025-06-05 14:55:54 - app - INFO - Request completed - Method: GET, URL: http://localhost:8000/api/v1/auth/me, Status: 200, Duration: 0.013s
2025-06-05 14:56:04 - app - INFO - Request started - Method: GET, URL: http://localhost:8000/api/v1/attendance/records?start_date=2025-06-05&end_date=2025-06-05, Client: 127.0.0.1
2025-06-05 14:56:04 - app - INFO - Fetching attendance records - User: 2237889.aids.cec@cgc.edu.in, Role: UserRole.TEACHER, Start Date: 2025-06-05, End Date: 2025-06-05, Session ID: None
2025-06-05 14:57:52 - app - INFO - Successfully mounted static files directory at: C:\Users\gaura\OneDrive\Desktop\project-1\backend\static
2025-06-05 14:57:52 - app - INFO - Starting Face Recognition Attendance System v1.0.0
2025-06-05 14:57:52 - app - INFO - === REGISTERED ROUTES ===
2025-06-05 14:57:52 - app - INFO - API_V1_STR setting: /api/v1
2025-06-05 14:57:52 - app - INFO -   {'HEAD', 'GET'} /api/v1/openapi.json
2025-06-05 14:57:52 - app - INFO -   {'HEAD', 'GET'} /docs
2025-06-05 14:57:52 - app - INFO -   {'HEAD', 'GET'} /docs/oauth2-redirect
2025-06-05 14:57:52 - app - INFO -   {'HEAD', 'GET'} /redoc
2025-06-05 14:57:52 - app - INFO -   [MOUNT] /static
2025-06-05 14:57:52 - app - INFO -   {'POST'} /api/v1/auth/login
2025-06-05 14:57:52 - app - INFO -   {'POST'} /api/v1/auth/register
2025-06-05 14:57:52 - app - INFO -   {'GET'} /api/v1/auth/me
2025-06-05 14:57:52 - app - INFO -   {'POST'} /api/v1/face/register-face
2025-06-05 14:57:52 - app - INFO -   {'POST'} /api/v1/face/mark-attendance
2025-06-05 14:57:52 - app - INFO -   {'GET'} /api/v1/face/face-count
2025-06-05 14:57:52 - app - INFO -   {'GET'} /api/v1/attendance/records
2025-06-05 14:57:52 - app - INFO -   {'GET'} /api/v1/attendance/report
2025-06-05 14:57:52 - app - INFO -   {'DELETE'} /api/v1/attendance/records/{attendance_id}
2025-06-05 14:59:10 - app - INFO - Request started - Method: OPTIONS, URL: http://localhost:8000/api/v1/attendance/records?start_date=2025-06-05&end_date=2025-06-05, Client: 127.0.0.1
2025-06-05 14:59:10 - app - INFO - Request completed - Method: OPTIONS, URL: http://localhost:8000/api/v1/attendance/records?start_date=2025-06-05&end_date=2025-06-05, Status: 200, Duration: 0.027s
2025-06-05 14:59:10 - app - INFO - Request started - Method: GET, URL: http://localhost:8000/api/v1/attendance/records?start_date=2025-06-05&end_date=2025-06-05, Client: 127.0.0.1
2025-06-05 14:59:11 - app - INFO - Fetching attendance records - User: 2237889.aids.cec@cgc.edu.in, Role: UserRole.TEACHER, Start Date: 2025-06-05, End Date: 2025-06-05, Session ID: None
2025-06-05 14:59:11 - app - INFO - Successfully retrieved 0 attendance records
2025-06-05 14:59:11 - app - INFO - Request completed - Method: GET, URL: http://localhost:8000/api/v1/attendance/records?start_date=2025-06-05&end_date=2025-06-05, Status: 200, Duration: 0.271s
2025-06-05 14:59:11 - app - INFO - Request started - Method: OPTIONS, URL: http://localhost:8000/api/v1/attendance/report?start_date=2025-06-05&end_date=2025-06-05, Client: 127.0.0.1
2025-06-05 14:59:11 - app - INFO - Request completed - Method: OPTIONS, URL: http://localhost:8000/api/v1/attendance/report?start_date=2025-06-05&end_date=2025-06-05, Status: 200, Duration: 0.001s
2025-06-05 14:59:11 - app - INFO - Request started - Method: GET, URL: http://localhost:8000/api/v1/attendance/report?start_date=2025-06-05&end_date=2025-06-05, Client: 127.0.0.1
2025-06-05 14:59:11 - app - INFO - Generating attendance report - User: 2237889.aids.cec@cgc.edu.in, Start Date: 2025-06-05, End Date: 2025-06-05, Session ID: None
2025-06-05 14:59:11 - app - INFO - Successfully generated attendance report: {'start_date': datetime.date(2025, 6, 5), 'end_date': datetime.date(2025, 6, 5), 'session_id': None, 'total_students': 2, 'total_present': 0, 'total_absent': 2, 'attendance_rate': 0.0}
2025-06-05 15:00:58 - app - INFO - Successfully mounted static files directory at: C:\Users\gaura\OneDrive\Desktop\project-1\backend\static
2025-06-05 15:00:58 - app - INFO - Starting Face Recognition Attendance System v1.0.0
2025-06-05 15:00:58 - app - INFO - === REGISTERED ROUTES ===
2025-06-05 15:00:58 - app - INFO - API_V1_STR setting: /api/v1
2025-06-05 15:00:58 - app - INFO -   {'GET', 'HEAD'} /api/v1/openapi.json
2025-06-05 15:00:58 - app - INFO -   {'GET', 'HEAD'} /docs
2025-06-05 15:00:58 - app - INFO -   {'GET', 'HEAD'} /docs/oauth2-redirect
2025-06-05 15:00:58 - app - INFO -   {'GET', 'HEAD'} /redoc
2025-06-05 15:00:58 - app - INFO -   [MOUNT] /static
2025-06-05 15:00:58 - app - INFO -   {'POST'} /api/v1/auth/login
2025-06-05 15:00:58 - app - INFO -   {'POST'} /api/v1/auth/register
2025-06-05 15:00:58 - app - INFO -   {'GET'} /api/v1/auth/me
2025-06-05 15:00:58 - app - INFO -   {'POST'} /api/v1/face/register-face
2025-06-05 15:00:58 - app - INFO -   {'POST'} /api/v1/face/mark-attendance
2025-06-05 15:00:58 - app - INFO -   {'GET'} /api/v1/face/face-count
2025-06-05 15:00:58 - app - INFO -   {'GET'} /api/v1/attendance/records
2025-06-05 15:00:58 - app - INFO -   {'GET'} /api/v1/attendance/report
2025-06-05 15:00:58 - app - INFO -   {'DELETE'} /api/v1/attendance/records/{attendance_id}
2025-06-05 15:01:14 - app - INFO - Successfully mounted static files directory at: C:\Users\gaura\OneDrive\Desktop\project-1\backend\static
2025-06-05 15:01:14 - app - INFO - Starting Face Recognition Attendance System v1.0.0
2025-06-05 15:01:14 - app - INFO - === REGISTERED ROUTES ===
2025-06-05 15:01:14 - app - INFO - API_V1_STR setting: /api/v1
2025-06-05 15:01:14 - app - INFO -   {'GET', 'HEAD'} /api/v1/openapi.json
2025-06-05 15:01:14 - app - INFO -   {'GET', 'HEAD'} /docs
2025-06-05 15:01:14 - app - INFO -   {'GET', 'HEAD'} /docs/oauth2-redirect
2025-06-05 15:01:14 - app - INFO -   {'GET', 'HEAD'} /redoc
2025-06-05 15:01:14 - app - INFO -   [MOUNT] /static
2025-06-05 15:01:14 - app - INFO -   {'POST'} /api/v1/auth/login
2025-06-05 15:01:14 - app - INFO -   {'POST'} /api/v1/auth/register
2025-06-05 15:01:14 - app - INFO -   {'GET'} /api/v1/auth/me
2025-06-05 15:01:14 - app - INFO -   {'POST'} /api/v1/face/register-face
2025-06-05 15:01:14 - app - INFO -   {'POST'} /api/v1/face/mark-attendance
2025-06-05 15:01:14 - app - INFO -   {'GET'} /api/v1/face/face-count
2025-06-05 15:01:14 - app - INFO -   {'GET'} /api/v1/attendance/records
2025-06-05 15:01:14 - app - INFO -   {'GET'} /api/v1/attendance/report
2025-06-05 15:01:14 - app - INFO -   {'DELETE'} /api/v1/attendance/records/{attendance_id}
2025-06-05 15:01:32 - app - INFO - Request started - Method: GET, URL: http://localhost:8000/api/v1/attendance/records?start_date=2025-06-05&end_date=2025-06-05, Client: 127.0.0.1
2025-06-05 15:01:32 - app - INFO - Fetching attendance records - User: 2237889.aids.cec@cgc.edu.in, Role: UserRole.TEACHER, Start Date: 2025-06-05, End Date: 2025-06-05, Session ID: None
2025-06-05 15:01:32 - app - INFO - Successfully retrieved 0 attendance records
2025-06-05 15:01:32 - app - INFO - Request completed - Method: GET, URL: http://localhost:8000/api/v1/attendance/records?start_date=2025-06-05&end_date=2025-06-05, Status: 200, Duration: 0.065s
2025-06-05 15:01:32 - app - INFO - Request started - Method: GET, URL: http://localhost:8000/api/v1/attendance/report?start_date=2025-06-05&end_date=2025-06-05, Client: 127.0.0.1
2025-06-05 15:01:32 - app - INFO - Generating attendance report - User: 2237889.aids.cec@cgc.edu.in, Start Date: 2025-06-05, End Date: 2025-06-05, Session ID: None
2025-06-05 15:01:32 - app - INFO - Successfully generated attendance report: start_date=datetime.date(2025, 6, 5) end_date=datetime.date(2025, 6, 5) session_id=None total_students=2 total_present=0 total_absent=2 attendance_rate=0.0
2025-06-05 15:01:32 - app - INFO - Request completed - Method: GET, URL: http://localhost:8000/api/v1/attendance/report?start_date=2025-06-05&end_date=2025-06-05, Status: 200, Duration: 0.019s
2025-06-05 15:01:46 - app - INFO - Request started - Method: GET, URL: http://localhost:8000/api/v1/attendance/records?start_date=2025-06-05&end_date=2025-06-05, Client: 127.0.0.1
2025-06-05 15:01:46 - app - INFO - Fetching attendance records - User: 2237889.aids.cec@cgc.edu.in, Role: UserRole.TEACHER, Start Date: 2025-06-05, End Date: 2025-06-05, Session ID: None
2025-06-05 15:01:46 - app - INFO - Successfully retrieved 0 attendance records
2025-06-05 15:01:46 - app - INFO - Request completed - Method: GET, URL: http://localhost:8000/api/v1/attendance/records?start_date=2025-06-05&end_date=2025-06-05, Status: 200, Duration: 0.006s
2025-06-05 15:01:46 - app - INFO - Request started - Method: GET, URL: http://localhost:8000/api/v1/attendance/report?start_date=2025-06-05&end_date=2025-06-05, Client: 127.0.0.1
2025-06-05 15:01:46 - app - INFO - Generating attendance report - User: 2237889.aids.cec@cgc.edu.in, Start Date: 2025-06-05, End Date: 2025-06-05, Session ID: None
2025-06-05 15:01:46 - app - INFO - Successfully generated attendance report: start_date=datetime.date(2025, 6, 5) end_date=datetime.date(2025, 6, 5) session_id=None total_students=2 total_present=0 total_absent=2 attendance_rate=0.0
2025-06-05 15:01:46 - app - INFO - Request completed - Method: GET, URL: http://localhost:8000/api/v1/attendance/report?start_date=2025-06-05&end_date=2025-06-05, Status: 200, Duration: 0.009s
2025-06-05 15:02:20 - app - INFO - Request started - Method: OPTIONS, URL: http://localhost:8000/api/v1/face/mark-attendance?session_id=MATH_2025_06_05, Client: 127.0.0.1
2025-06-05 15:02:20 - app - INFO - Request completed - Method: OPTIONS, URL: http://localhost:8000/api/v1/face/mark-attendance?session_id=MATH_2025_06_05, Status: 200, Duration: 0.001s
2025-06-05 15:02:21 - app - INFO - Request started - Method: POST, URL: http://localhost:8000/api/v1/face/mark-attendance?session_id=MATH_2025_06_05, Client: 127.0.0.1
2025-06-05 15:02:21 - app - INFO - Attendance marking attempt by user: 2237889.aids.cec@cgc.edu.in, session: MATH_2025_06_05
2025-06-05 15:02:22 - app - INFO - Found 1 face matches in attendance image
2025-06-05 15:02:22 - app - ERROR - Error during attendance marking: 5 validation errors for AttendanceReport
start_date
  Field required [type=missing, input_value={'session_id': 'MATH_2025..., 5, 15, 2, 22, 164646)}, input_type=dict]
    For further information visit https://errors.pydantic.dev/2.11/v/missing
end_date
  Field required [type=missing, input_value={'session_id': 'MATH_2025..., 5, 15, 2, 22, 164646)}, input_type=dict]
    For further information visit https://errors.pydantic.dev/2.11/v/missing
total_present
  Field required [type=missing, input_value={'session_id': 'MATH_2025..., 5, 15, 2, 22, 164646)}, input_type=dict]
    For further information visit https://errors.pydantic.dev/2.11/v/missing
total_absent
  Field required [type=missing, input_value={'session_id': 'MATH_2025..., 5, 15, 2, 22, 164646)}, input_type=dict]
    For further information visit https://errors.pydantic.dev/2.11/v/missing
attendance_rate
  Field required [type=missing, input_value={'session_id': 'MATH_2025..., 5, 15, 2, 22, 164646)}, input_type=dict]
    For further information visit https://errors.pydantic.dev/2.11/v/missing
2025-06-05 15:02:22 - app - INFO - Request completed - Method: POST, URL: http://localhost:8000/api/v1/face/mark-attendance?session_id=MATH_2025_06_05, Status: 500, Duration: 0.998s
2025-06-05 15:04:39 - app - INFO - Successfully mounted static files directory at: C:\Users\gaura\OneDrive\Desktop\project-1\backend\static
2025-06-05 15:04:39 - app - INFO - Starting Face Recognition Attendance System v1.0.0
2025-06-05 15:04:39 - app - INFO - === REGISTERED ROUTES ===
2025-06-05 15:04:39 - app - INFO - API_V1_STR setting: /api/v1
2025-06-05 15:04:39 - app - INFO -   {'GET', 'HEAD'} /api/v1/openapi.json
2025-06-05 15:04:39 - app - INFO -   {'GET', 'HEAD'} /docs
2025-06-05 15:04:39 - app - INFO -   {'GET', 'HEAD'} /docs/oauth2-redirect
2025-06-05 15:04:39 - app - INFO -   {'GET', 'HEAD'} /redoc
2025-06-05 15:04:39 - app - INFO -   [MOUNT] /static
2025-06-05 15:04:39 - app - INFO -   {'POST'} /api/v1/auth/login
2025-06-05 15:04:39 - app - INFO -   {'POST'} /api/v1/auth/register
2025-06-05 15:04:39 - app - INFO -   {'GET'} /api/v1/auth/me
2025-06-05 15:04:39 - app - INFO -   {'POST'} /api/v1/face/register-face
2025-06-05 15:04:39 - app - INFO -   {'POST'} /api/v1/face/mark-attendance
2025-06-05 15:04:39 - app - INFO -   {'GET'} /api/v1/face/face-count
2025-06-05 15:04:39 - app - INFO -   {'GET'} /api/v1/attendance/records
2025-06-05 15:04:39 - app - INFO -   {'GET'} /api/v1/attendance/report
2025-06-05 15:04:39 - app - INFO -   {'DELETE'} /api/v1/attendance/records/{attendance_id}
2025-06-05 15:05:08 - app - INFO - Successfully mounted static files directory at: C:\Users\gaura\OneDrive\Desktop\project-1\backend\static
2025-06-05 15:05:08 - app - INFO - Starting Face Recognition Attendance System v1.0.0
2025-06-05 15:05:08 - app - INFO - === REGISTERED ROUTES ===
2025-06-05 15:05:08 - app - INFO - API_V1_STR setting: /api/v1
2025-06-05 15:05:08 - app - INFO -   {'HEAD', 'GET'} /api/v1/openapi.json
2025-06-05 15:05:08 - app - INFO -   {'HEAD', 'GET'} /docs
2025-06-05 15:05:08 - app - INFO -   {'HEAD', 'GET'} /docs/oauth2-redirect
2025-06-05 15:05:08 - app - INFO -   {'HEAD', 'GET'} /redoc
2025-06-05 15:05:08 - app - INFO -   [MOUNT] /static
2025-06-05 15:05:08 - app - INFO -   {'POST'} /api/v1/auth/login
2025-06-05 15:05:08 - app - INFO -   {'POST'} /api/v1/auth/register
2025-06-05 15:05:08 - app - INFO -   {'GET'} /api/v1/auth/me
2025-06-05 15:05:08 - app - INFO -   {'POST'} /api/v1/face/register-face
2025-06-05 15:05:08 - app - INFO -   {'POST'} /api/v1/face/mark-attendance
2025-06-05 15:05:08 - app - INFO -   {'GET'} /api/v1/face/face-count
2025-06-05 15:05:08 - app - INFO -   {'GET'} /api/v1/attendance/records
2025-06-05 15:05:08 - app - INFO -   {'GET'} /api/v1/attendance/report
2025-06-05 15:05:08 - app - INFO -   {'DELETE'} /api/v1/attendance/records/{attendance_id}
2025-06-05 15:05:23 - app - INFO - Request started - Method: POST, URL: http://localhost:8000/api/v1/face/mark-attendance?session_id=MATH_2025_06_05, Client: 127.0.0.1
2025-06-05 15:05:23 - app - INFO - Attendance marking attempt by user: 2237889.aids.cec@cgc.edu.in, session: MATH_2025_06_05
2025-06-05 15:05:24 - app - INFO - Found 1 face matches in attendance image
2025-06-05 15:05:24 - app - INFO - Request completed - Method: POST, URL: http://localhost:8000/api/v1/face/mark-attendance?session_id=MATH_2025_06_05, Status: 200, Duration: 0.916s
2025-06-05 15:05:34 - app - INFO - Request started - Method: GET, URL: http://localhost:8000/api/v1/attendance/records?start_date=2025-06-05&end_date=2025-06-05, Client: 127.0.0.1
2025-06-05 15:05:34 - app - INFO - Fetching attendance records - User: 2237889.aids.cec@cgc.edu.in, Role: UserRole.TEACHER, Start Date: 2025-06-05, End Date: 2025-06-05, Session ID: None
2025-06-05 15:05:34 - app - INFO - Successfully retrieved 0 attendance records
2025-06-05 15:05:34 - app - INFO - Request completed - Method: GET, URL: http://localhost:8000/api/v1/attendance/records?start_date=2025-06-05&end_date=2025-06-05, Status: 200, Duration: 0.008s
2025-06-05 15:05:34 - app - INFO - Request started - Method: GET, URL: http://localhost:8000/api/v1/attendance/report?start_date=2025-06-05&end_date=2025-06-05, Client: 127.0.0.1
2025-06-05 15:05:34 - app - INFO - Generating attendance report - User: 2237889.aids.cec@cgc.edu.in, Start Date: 2025-06-05, End Date: 2025-06-05, Session ID: None
2025-06-05 15:05:34 - app - INFO - Successfully generated attendance report: start_date=datetime.date(2025, 6, 5) end_date=datetime.date(2025, 6, 5) session_id=None total_students=2 total_present=0 total_absent=2 attendance_rate=0.0
2025-06-05 15:05:34 - app - INFO - Request completed - Method: GET, URL: http://localhost:8000/api/v1/attendance/report?start_date=2025-06-05&end_date=2025-06-05, Status: 200, Duration: 0.021s
2025-06-05 15:07:47 - app - INFO - Successfully mounted static files directory at: C:\Users\gaura\OneDrive\Desktop\project-1\backend\static
2025-06-05 15:07:47 - app - INFO - Starting Face Recognition Attendance System v1.0.0
2025-06-05 15:07:47 - app - INFO - === REGISTERED ROUTES ===
2025-06-05 15:07:47 - app - INFO - API_V1_STR setting: /api/v1
2025-06-05 15:07:47 - app - INFO -   {'HEAD', 'GET'} /api/v1/openapi.json
2025-06-05 15:07:47 - app - INFO -   {'HEAD', 'GET'} /docs
2025-06-05 15:07:47 - app - INFO -   {'HEAD', 'GET'} /docs/oauth2-redirect
2025-06-05 15:07:47 - app - INFO -   {'HEAD', 'GET'} /redoc
2025-06-05 15:07:47 - app - INFO -   [MOUNT] /static
2025-06-05 15:07:47 - app - INFO -   {'POST'} /api/v1/auth/login
2025-06-05 15:07:47 - app - INFO -   {'POST'} /api/v1/auth/register
2025-06-05 15:07:47 - app - INFO -   {'GET'} /api/v1/auth/me
2025-06-05 15:07:47 - app - INFO -   {'POST'} /api/v1/face/register-face
2025-06-05 15:07:47 - app - INFO -   {'POST'} /api/v1/face/mark-attendance
2025-06-05 15:07:47 - app - INFO -   {'GET'} /api/v1/face/face-count
2025-06-05 15:07:47 - app - INFO -   {'GET'} /api/v1/attendance/records
2025-06-05 15:07:47 - app - INFO -   {'GET'} /api/v1/attendance/report
2025-06-05 15:07:47 - app - INFO -   {'DELETE'} /api/v1/attendance/records/{attendance_id}
2025-06-05 15:13:30 - app - INFO - Request started - Method: OPTIONS, URL: http://localhost:8000/api/v1/attendance/records?start_date=2025-06-05&end_date=2025-06-05, Client: 127.0.0.1
2025-06-05 15:13:30 - app - INFO - Request completed - Method: OPTIONS, URL: http://localhost:8000/api/v1/attendance/records?start_date=2025-06-05&end_date=2025-06-05, Status: 200, Duration: 0.010s
2025-06-05 15:13:31 - app - INFO - Request started - Method: GET, URL: http://localhost:8000/api/v1/attendance/records?start_date=2025-06-05&end_date=2025-06-05, Client: 127.0.0.1
2025-06-05 15:13:31 - app - INFO - Fetching attendance records - User: 2237889.aids.cec@cgc.edu.in, Role: UserRole.TEACHER, Start Date: 2025-06-05, End Date: 2025-06-05, Session ID: None
2025-06-05 15:13:31 - app - INFO - Successfully retrieved 0 attendance records
2025-06-05 15:13:31 - app - INFO - Request completed - Method: GET, URL: http://localhost:8000/api/v1/attendance/records?start_date=2025-06-05&end_date=2025-06-05, Status: 200, Duration: 0.172s
2025-06-05 15:13:31 - app - INFO - Request started - Method: OPTIONS, URL: http://localhost:8000/api/v1/attendance/report?start_date=2025-06-05&end_date=2025-06-05, Client: 127.0.0.1
2025-06-05 15:13:31 - app - INFO - Request completed - Method: OPTIONS, URL: http://localhost:8000/api/v1/attendance/report?start_date=2025-06-05&end_date=2025-06-05, Status: 200, Duration: 0.001s
2025-06-05 15:13:31 - app - INFO - Request started - Method: GET, URL: http://localhost:8000/api/v1/attendance/report?start_date=2025-06-05&end_date=2025-06-05, Client: 127.0.0.1
2025-06-05 15:13:31 - app - INFO - Generating attendance report - User: 2237889.aids.cec@cgc.edu.in, Start Date: 2025-06-05, End Date: 2025-06-05, Session ID: None
2025-06-05 15:13:31 - app - INFO - Successfully generated attendance report: start_date=datetime.date(2025, 6, 5) end_date=datetime.date(2025, 6, 5) session_id=None total_students=2 total_present=3 total_absent=7 attendance_rate=30.0
2025-06-05 15:13:31 - app - INFO - Request completed - Method: GET, URL: http://localhost:8000/api/v1/attendance/report?start_date=2025-06-05&end_date=2025-06-05, Status: 200, Duration: 0.028s
2025-06-05 15:19:19 - app - INFO - Request started - Method: OPTIONS, URL: http://localhost:8000/api/v1/face/face-count, Client: 127.0.0.1
2025-06-05 15:19:19 - app - INFO - Request started - Method: OPTIONS, URL: http://localhost:8000/api/v1/face/face-count, Client: 127.0.0.1
2025-06-05 15:19:19 - app - INFO - Request completed - Method: OPTIONS, URL: http://localhost:8000/api/v1/face/face-count, Status: 200, Duration: 0.027s
2025-06-05 15:19:19 - app - INFO - Request completed - Method: OPTIONS, URL: http://localhost:8000/api/v1/face/face-count, Status: 200, Duration: 0.011s
2025-06-05 15:19:20 - app - INFO - Request started - Method: GET, URL: http://localhost:8000/api/v1/face/face-count, Client: 127.0.0.1
2025-06-05 15:19:20 - app - INFO - Retrieving face count for user: 2237889.aids.cec@cgc.edu.in
2025-06-05 15:19:20 - app - INFO - Retrieved face count successfully: 0 faces for user 2237889.aids.cec@cgc.edu.in
2025-06-05 15:19:20 - app - INFO - Request completed - Method: GET, URL: http://localhost:8000/api/v1/face/face-count, Status: 200, Duration: 0.230s
2025-06-05 15:19:20 - app - INFO - Request started - Method: GET, URL: http://localhost:8000/api/v1/face/face-count, Client: 127.0.0.1
2025-06-05 15:19:20 - app - INFO - Retrieving face count for user: 2237889.aids.cec@cgc.edu.in
2025-06-05 15:19:20 - app - INFO - Retrieved face count successfully: 0 faces for user 2237889.aids.cec@cgc.edu.in
2025-06-05 15:19:20 - app - INFO - Request completed - Method: GET, URL: http://localhost:8000/api/v1/face/face-count, Status: 200, Duration: 0.010s
2025-06-05 15:19:23 - app - INFO - Request started - Method: GET, URL: http://localhost:8000/api/v1/face/face-count, Client: 127.0.0.1
2025-06-05 15:19:23 - app - INFO - Retrieving face count for user: 2237889.aids.cec@cgc.edu.in
2025-06-05 15:19:23 - app - INFO - Retrieved face count successfully: 0 faces for user 2237889.aids.cec@cgc.edu.in
2025-06-05 15:19:23 - app - INFO - Request completed - Method: GET, URL: http://localhost:8000/api/v1/face/face-count, Status: 200, Duration: 0.006s
2025-06-05 15:19:23 - app - INFO - Request started - Method: GET, URL: http://localhost:8000/api/v1/face/face-count, Client: 127.0.0.1
2025-06-05 15:19:23 - app - INFO - Retrieving face count for user: 2237889.aids.cec@cgc.edu.in
2025-06-05 15:19:23 - app - INFO - Retrieved face count successfully: 0 faces for user 2237889.aids.cec@cgc.edu.in
2025-06-05 15:19:23 - app - INFO - Request completed - Method: GET, URL: http://localhost:8000/api/v1/face/face-count, Status: 200, Duration: 0.012s
2025-06-05 15:19:28 - app - INFO - Request started - Method: GET, URL: http://localhost:8000/api/v1/face/face-count, Client: 127.0.0.1
2025-06-05 15:19:28 - app - INFO - Retrieving face count for user: 2237889.aids.cec@cgc.edu.in
2025-06-05 15:19:28 - app - INFO - Retrieved face count successfully: 0 faces for user 2237889.aids.cec@cgc.edu.in
2025-06-05 15:19:28 - app - INFO - Request completed - Method: GET, URL: http://localhost:8000/api/v1/face/face-count, Status: 200, Duration: 0.007s
2025-06-05 15:19:28 - app - INFO - Request started - Method: GET, URL: http://localhost:8000/api/v1/face/face-count, Client: 127.0.0.1
2025-06-05 15:19:28 - app - INFO - Retrieving face count for user: 2237889.aids.cec@cgc.edu.in
2025-06-05 15:19:28 - app - INFO - Retrieved face count successfully: 0 faces for user 2237889.aids.cec@cgc.edu.in
2025-06-05 15:19:28 - app - INFO - Request completed - Method: GET, URL: http://localhost:8000/api/v1/face/face-count, Status: 200, Duration: 0.011s
2025-06-05 15:21:18 - app - INFO - Request started - Method: GET, URL: http://localhost:8000/api/v1/attendance/records?start_date=2025-06-05&end_date=2025-06-05, Client: 127.0.0.1
2025-06-05 15:21:18 - app - INFO - Fetching attendance records - User: 2237889.aids.cec@cgc.edu.in, Role: UserRole.TEACHER, Start Date: 2025-06-05, End Date: 2025-06-05, Session ID: None
2025-06-05 15:21:18 - app - INFO - Successfully retrieved 0 attendance records
2025-06-05 15:21:18 - app - INFO - Request completed - Method: GET, URL: http://localhost:8000/api/v1/attendance/records?start_date=2025-06-05&end_date=2025-06-05, Status: 200, Duration: 0.025s
2025-06-05 15:21:18 - app - INFO - Request started - Method: GET, URL: http://localhost:8000/api/v1/attendance/report?start_date=2025-06-05&end_date=2025-06-05, Client: 127.0.0.1
2025-06-05 15:21:18 - app - INFO - Generating attendance report - User: 2237889.aids.cec@cgc.edu.in, Start Date: 2025-06-05, End Date: 2025-06-05, Session ID: None
2025-06-05 15:21:18 - app - INFO - Successfully generated attendance report: start_date=datetime.date(2025, 6, 5) end_date=datetime.date(2025, 6, 5) session_id=None total_students=2 total_present=3 total_absent=7 attendance_rate=30.0
2025-06-05 15:21:18 - app - INFO - Request completed - Method: GET, URL: http://localhost:8000/api/v1/attendance/report?start_date=2025-06-05&end_date=2025-06-05, Status: 200, Duration: 0.027s
2025-06-05 15:21:39 - app - INFO - Request started - Method: GET, URL: http://localhost:8000/api/v1/face/face-count, Client: 127.0.0.1
2025-06-05 15:21:39 - app - INFO - Retrieving face count for user: 2237889.aids.cec@cgc.edu.in
2025-06-05 15:21:39 - app - INFO - Retrieved face count successfully: 0 faces for user 2237889.aids.cec@cgc.edu.in
2025-06-05 15:21:39 - app - INFO - Request completed - Method: GET, URL: http://localhost:8000/api/v1/face/face-count, Status: 200, Duration: 0.004s
2025-06-05 15:21:39 - app - INFO - Request started - Method: GET, URL: http://localhost:8000/api/v1/face/face-count, Client: 127.0.0.1
2025-06-05 15:21:39 - app - INFO - Retrieving face count for user: 2237889.aids.cec@cgc.edu.in
2025-06-05 15:21:39 - app - INFO - Retrieved face count successfully: 0 faces for user 2237889.aids.cec@cgc.edu.in
2025-06-05 15:21:39 - app - INFO - Request completed - Method: GET, URL: http://localhost:8000/api/v1/face/face-count, Status: 200, Duration: 0.008s
2025-06-05 15:21:41 - app - INFO - Request started - Method: GET, URL: http://localhost:8000/api/v1/face/face-count, Client: 127.0.0.1
2025-06-05 15:21:41 - app - INFO - Retrieving face count for user: 2237889.aids.cec@cgc.edu.in
2025-06-05 15:21:41 - app - INFO - Retrieved face count successfully: 0 faces for user 2237889.aids.cec@cgc.edu.in
2025-06-05 15:21:41 - app - INFO - Request completed - Method: GET, URL: http://localhost:8000/api/v1/face/face-count, Status: 200, Duration: 0.006s
2025-06-05 15:21:41 - app - INFO - Request started - Method: GET, URL: http://localhost:8000/api/v1/face/face-count, Client: 127.0.0.1
2025-06-05 15:21:41 - app - INFO - Retrieving face count for user: 2237889.aids.cec@cgc.edu.in
2025-06-05 15:21:41 - app - INFO - Retrieved face count successfully: 0 faces for user 2237889.aids.cec@cgc.edu.in
2025-06-05 15:21:41 - app - INFO - Request completed - Method: GET, URL: http://localhost:8000/api/v1/face/face-count, Status: 200, Duration: 0.007s
2025-06-05 15:22:07 - app - INFO - Request started - Method: GET, URL: http://localhost:8000/api/v1/face/face-count, Client: 127.0.0.1
2025-06-05 15:22:07 - app - INFO - Retrieving face count for user: 2237889.aids.cec@cgc.edu.in
2025-06-05 15:22:07 - app - INFO - Retrieved face count successfully: 0 faces for user 2237889.aids.cec@cgc.edu.in
2025-06-05 15:22:07 - app - INFO - Request completed - Method: GET, URL: http://localhost:8000/api/v1/face/face-count, Status: 200, Duration: 0.006s
2025-06-05 15:22:07 - app - INFO - Request started - Method: GET, URL: http://localhost:8000/api/v1/face/face-count, Client: 127.0.0.1
2025-06-05 15:22:07 - app - INFO - Retrieving face count for user: 2237889.aids.cec@cgc.edu.in
2025-06-05 15:22:07 - app - INFO - Retrieved face count successfully: 0 faces for user 2237889.aids.cec@cgc.edu.in
2025-06-05 15:22:07 - app - INFO - Request completed - Method: GET, URL: http://localhost:8000/api/v1/face/face-count, Status: 200, Duration: 0.008s
2025-06-05 15:23:01 - app - INFO - Request started - Method: GET, URL: http://localhost:8000/api/v1/attendance/records?start_date=2025-06-05&end_date=2025-06-05, Client: 127.0.0.1
2025-06-05 15:23:01 - app - INFO - Fetching attendance records - User: 2237889.aids.cec@cgc.edu.in, Role: UserRole.TEACHER, Start Date: 2025-06-05, End Date: 2025-06-05, Session ID: None
2025-06-05 15:23:01 - app - INFO - Successfully retrieved 0 attendance records
2025-06-05 15:23:01 - app - INFO - Request completed - Method: GET, URL: http://localhost:8000/api/v1/attendance/records?start_date=2025-06-05&end_date=2025-06-05, Status: 200, Duration: 0.009s
2025-06-05 15:23:01 - app - INFO - Request started - Method: GET, URL: http://localhost:8000/api/v1/attendance/report?start_date=2025-06-05&end_date=2025-06-05, Client: 127.0.0.1
2025-06-05 15:23:01 - app - INFO - Generating attendance report - User: 2237889.aids.cec@cgc.edu.in, Start Date: 2025-06-05, End Date: 2025-06-05, Session ID: None
2025-06-05 15:23:01 - app - INFO - Successfully generated attendance report: start_date=datetime.date(2025, 6, 5) end_date=datetime.date(2025, 6, 5) session_id=None total_students=2 total_present=3 total_absent=7 attendance_rate=30.0
2025-06-05 15:23:01 - app - INFO - Request completed - Method: GET, URL: http://localhost:8000/api/v1/attendance/report?start_date=2025-06-05&end_date=2025-06-05, Status: 200, Duration: 0.013s
2025-06-05 15:27:46 - app - INFO - Successfully mounted static files directory at: C:\Users\gaura\OneDrive\Desktop\project-1\backend\static
2025-06-05 15:27:46 - app - INFO - Starting Face Recognition Attendance System v1.0.0
2025-06-05 15:27:46 - app - INFO - === REGISTERED ROUTES ===
2025-06-05 15:27:46 - app - INFO - API_V1_STR setting: /api/v1
2025-06-05 15:27:46 - app - INFO -   {'GET', 'HEAD'} /api/v1/openapi.json
2025-06-05 15:27:46 - app - INFO -   {'GET', 'HEAD'} /docs
2025-06-05 15:27:46 - app - INFO -   {'GET', 'HEAD'} /docs/oauth2-redirect
2025-06-05 15:27:46 - app - INFO -   {'GET', 'HEAD'} /redoc
2025-06-05 15:27:46 - app - INFO -   [MOUNT] /static
2025-06-05 15:27:46 - app - INFO -   {'POST'} /api/v1/auth/login
2025-06-05 15:27:46 - app - INFO -   {'POST'} /api/v1/auth/register
2025-06-05 15:27:46 - app - INFO -   {'GET'} /api/v1/auth/me
2025-06-05 15:27:46 - app - INFO -   {'POST'} /api/v1/face/register-face
2025-06-05 15:27:46 - app - INFO -   {'POST'} /api/v1/face/mark-attendance
2025-06-05 15:27:46 - app - INFO -   {'GET'} /api/v1/face/face-count
2025-06-05 15:27:46 - app - INFO -   {'GET'} /api/v1/attendance/records
2025-06-05 15:27:46 - app - INFO -   {'GET'} /api/v1/attendance/report
2025-06-05 15:27:46 - app - INFO -   {'DELETE'} /api/v1/attendance/records/{attendance_id}
2025-06-05 15:28:18 - app - INFO - Successfully mounted static files directory at: C:\Users\gaura\OneDrive\Desktop\project-1\backend\static
2025-06-05 15:28:18 - app - INFO - Starting Face Recognition Attendance System v1.0.0
2025-06-05 15:28:18 - app - INFO - === REGISTERED ROUTES ===
2025-06-05 15:28:18 - app - INFO - API_V1_STR setting: /api/v1
2025-06-05 15:28:18 - app - INFO -   {'HEAD', 'GET'} /api/v1/openapi.json
2025-06-05 15:28:18 - app - INFO -   {'HEAD', 'GET'} /docs
2025-06-05 15:28:18 - app - INFO -   {'HEAD', 'GET'} /docs/oauth2-redirect
2025-06-05 15:28:18 - app - INFO -   {'HEAD', 'GET'} /redoc
2025-06-05 15:28:18 - app - INFO -   [MOUNT] /static
2025-06-05 15:28:18 - app - INFO -   {'POST'} /api/v1/auth/login
2025-06-05 15:28:18 - app - INFO -   {'POST'} /api/v1/auth/register
2025-06-05 15:28:18 - app - INFO -   {'GET'} /api/v1/auth/me
2025-06-05 15:28:18 - app - INFO -   {'POST'} /api/v1/face/register-face
2025-06-05 15:28:18 - app - INFO -   {'POST'} /api/v1/face/mark-attendance
2025-06-05 15:28:18 - app - INFO -   {'GET'} /api/v1/face/face-count
2025-06-05 15:28:18 - app - INFO -   {'GET'} /api/v1/attendance/records
2025-06-05 15:28:18 - app - INFO -   {'GET'} /api/v1/attendance/report
2025-06-05 15:28:18 - app - INFO -   {'DELETE'} /api/v1/attendance/records/{attendance_id}
2025-06-05 15:32:06 - app - INFO - Request started - Method: POST, URL: http://localhost:8000/api/v1/auth/login, Client: 127.0.0.1
2025-06-05 15:32:06 - app - INFO - Login attempt for user: 2237889.aids.cec@cgc.edu.in
2025-06-05 15:32:06 - app - INFO - Successful login for user: 2237889.aids.cec@cgc.edu.in
2025-06-05 15:32:07 - app - INFO - Request completed - Method: POST, URL: http://localhost:8000/api/v1/auth/login, Status: 200, Duration: 0.434s
2025-06-05 15:32:07 - app - INFO - Request started - Method: OPTIONS, URL: http://localhost:8000/api/v1/auth/me, Client: 127.0.0.1
2025-06-05 15:32:07 - app - INFO - Request completed - Method: OPTIONS, URL: http://localhost:8000/api/v1/auth/me, Status: 200, Duration: 0.000s
2025-06-05 15:32:07 - app - INFO - Request started - Method: GET, URL: http://localhost:8000/api/v1/auth/me, Client: 127.0.0.1
2025-06-05 15:32:07 - app - INFO - Profile accessed by user: 2237889.aids.cec@cgc.edu.in
2025-06-05 15:32:07 - app - INFO - Request completed - Method: GET, URL: http://localhost:8000/api/v1/auth/me, Status: 200, Duration: 0.014s
2025-06-05 15:33:06 - app - INFO - Request started - Method: OPTIONS, URL: http://localhost:8000/api/v1/attendance/report?start_date=2025-06-05&end_date=2025-06-05, Client: 127.0.0.1
2025-06-05 15:33:06 - app - INFO - Request completed - Method: OPTIONS, URL: http://localhost:8000/api/v1/attendance/report?start_date=2025-06-05&end_date=2025-06-05, Status: 200, Duration: 0.016s
2025-06-05 15:33:06 - app - INFO - Request started - Method: GET, URL: http://localhost:8000/api/v1/attendance/report?start_date=2025-06-05&end_date=2025-06-05, Client: 127.0.0.1
2025-06-05 15:33:07 - app - INFO - Generating attendance report - User: 2237889.aids.cec@cgc.edu.in, Start Date: 2025-06-05, End Date: 2025-06-05, Session ID: None
2025-06-05 15:33:07 - app - INFO - Successfully generated attendance report: start_date=datetime.date(2025, 6, 5) end_date=datetime.date(2025, 6, 5) session_id=None total_students=2 total_present=0 total_absent=2 attendance_rate=0.0 attendance_details=[StudentAttendanceDetail(id=10, user_id=3, student_name='Gaurav singh', student_email='2237864.aids.cec@cgc.edu.in', student_identifier='2237864', status=<AttendanceStatus.ABSENT: 'absent'>, confidence_score=0.0, created_at=datetime.datetime(2025, 6, 5, 9, 7, 37, 535305)), StudentAttendanceDetail(id=9, user_id=1, student_name='None None', student_email='atulsinghatul123456789@gmail.com', student_identifier=None, status=<AttendanceStatus.ABSENT: 'absent'>, confidence_score=0.0, created_at=datetime.datetime(2025, 6, 5, 9, 7, 37, 535305))]
2025-06-05 15:33:07 - app - INFO - Request completed - Method: GET, URL: http://localhost:8000/api/v1/attendance/report?start_date=2025-06-05&end_date=2025-06-05, Status: 200, Duration: 0.089s
2025-06-05 15:33:49 - app - INFO - Request started - Method: OPTIONS, URL: http://localhost:8000/api/v1/face/mark-attendance?session_id=MATH_2025_06_05, Client: 127.0.0.1
2025-06-05 15:33:49 - app - INFO - Request completed - Method: OPTIONS, URL: http://localhost:8000/api/v1/face/mark-attendance?session_id=MATH_2025_06_05, Status: 200, Duration: 0.002s
2025-06-05 15:33:49 - app - INFO - Request started - Method: POST, URL: http://localhost:8000/api/v1/face/mark-attendance?session_id=MATH_2025_06_05, Client: 127.0.0.1
2025-06-05 15:33:49 - app - INFO - Attendance marking attempt by user: 2237889.aids.cec@cgc.edu.in, session: MATH_2025_06_05
2025-06-05 15:33:51 - app - INFO - Found 1 face matches in attendance image
2025-06-05 15:33:51 - app - INFO - Request completed - Method: POST, URL: http://localhost:8000/api/v1/face/mark-attendance?session_id=MATH_2025_06_05, Status: 200, Duration: 2.434s
2025-06-05 15:33:58 - app - INFO - Request started - Method: GET, URL: http://localhost:8000/api/v1/attendance/report?start_date=2025-06-05&end_date=2025-06-05, Client: 127.0.0.1
2025-06-05 15:33:58 - app - INFO - Generating attendance report - User: 2237889.aids.cec@cgc.edu.in, Start Date: 2025-06-05, End Date: 2025-06-05, Session ID: None
2025-06-05 15:33:58 - app - INFO - Successfully generated attendance report: start_date=datetime.date(2025, 6, 5) end_date=datetime.date(2025, 6, 5) session_id=None total_students=2 total_present=0 total_absent=2 attendance_rate=0.0 attendance_details=[StudentAttendanceDetail(id=10, user_id=3, student_name='Gaurav singh', student_email='2237864.aids.cec@cgc.edu.in', student_identifier='2237864', status=<AttendanceStatus.ABSENT: 'absent'>, confidence_score=0.0, created_at=datetime.datetime(2025, 6, 5, 9, 7, 37, 535305)), StudentAttendanceDetail(id=9, user_id=1, student_name='None None', student_email='atulsinghatul123456789@gmail.com', student_identifier=None, status=<AttendanceStatus.ABSENT: 'absent'>, confidence_score=0.0, created_at=datetime.datetime(2025, 6, 5, 9, 7, 37, 535305))]
2025-06-05 15:33:58 - app - INFO - Request completed - Method: GET, URL: http://localhost:8000/api/v1/attendance/report?start_date=2025-06-05&end_date=2025-06-05, Status: 200, Duration: 0.013s
2025-06-05 15:34:19 - app - INFO - Request started - Method: GET, URL: http://localhost:8000/api/v1/attendance/report?start_date=2025-06-05&end_date=2025-06-05, Client: 127.0.0.1
2025-06-05 15:34:19 - app - INFO - Generating attendance report - User: 2237889.aids.cec@cgc.edu.in, Start Date: 2025-06-05, End Date: 2025-06-05, Session ID: None
2025-06-05 15:34:19 - app - INFO - Successfully generated attendance report: start_date=datetime.date(2025, 6, 5) end_date=datetime.date(2025, 6, 5) session_id=None total_students=2 total_present=0 total_absent=2 attendance_rate=0.0 attendance_details=[StudentAttendanceDetail(id=10, user_id=3, student_name='Gaurav singh', student_email='2237864.aids.cec@cgc.edu.in', student_identifier='2237864', status=<AttendanceStatus.ABSENT: 'absent'>, confidence_score=0.0, created_at=datetime.datetime(2025, 6, 5, 9, 7, 37, 535305)), StudentAttendanceDetail(id=9, user_id=1, student_name='None None', student_email='atulsinghatul123456789@gmail.com', student_identifier=None, status=<AttendanceStatus.ABSENT: 'absent'>, confidence_score=0.0, created_at=datetime.datetime(2025, 6, 5, 9, 7, 37, 535305))]
2025-06-05 15:34:19 - app - INFO - Request completed - Method: GET, URL: http://localhost:8000/api/v1/attendance/report?start_date=2025-06-05&end_date=2025-06-05, Status: 200, Duration: 0.009s
2025-06-05 15:36:33 - app - INFO - Successfully mounted static files directory at: C:\Users\gaura\OneDrive\Desktop\project-1\backend\static
2025-06-05 15:36:33 - app - INFO - Starting Face Recognition Attendance System v1.0.0
2025-06-05 15:36:33 - app - INFO - === REGISTERED ROUTES ===
2025-06-05 15:36:33 - app - INFO - API_V1_STR setting: /api/v1
2025-06-05 15:36:33 - app - INFO -   {'GET', 'HEAD'} /api/v1/openapi.json
2025-06-05 15:36:33 - app - INFO -   {'GET', 'HEAD'} /docs
2025-06-05 15:36:33 - app - INFO -   {'GET', 'HEAD'} /docs/oauth2-redirect
2025-06-05 15:36:33 - app - INFO -   {'GET', 'HEAD'} /redoc
2025-06-05 15:36:33 - app - INFO -   [MOUNT] /static
2025-06-05 15:36:33 - app - INFO -   {'POST'} /api/v1/auth/login
2025-06-05 15:36:33 - app - INFO -   {'POST'} /api/v1/auth/register
2025-06-05 15:36:33 - app - INFO -   {'GET'} /api/v1/auth/me
2025-06-05 15:36:33 - app - INFO -   {'POST'} /api/v1/face/register-face
2025-06-05 15:36:33 - app - INFO -   {'POST'} /api/v1/face/mark-attendance
2025-06-05 15:36:33 - app - INFO -   {'GET'} /api/v1/face/face-count
2025-06-05 15:36:33 - app - INFO -   {'GET'} /api/v1/attendance/records
2025-06-05 15:36:33 - app - INFO -   {'GET'} /api/v1/attendance/report
2025-06-05 15:36:33 - app - INFO -   {'DELETE'} /api/v1/attendance/records/{attendance_id}
2025-06-05 15:37:53 - app - INFO - Successfully mounted static files directory at: C:\Users\gaura\OneDrive\Desktop\project-1\backend\static
2025-06-05 15:37:53 - app - INFO - Starting Face Recognition Attendance System v1.0.0
2025-06-05 15:37:53 - app - INFO - === REGISTERED ROUTES ===
2025-06-05 15:37:53 - app - INFO - API_V1_STR setting: /api/v1
2025-06-05 15:37:53 - app - INFO -   {'HEAD', 'GET'} /api/v1/openapi.json
2025-06-05 15:37:53 - app - INFO -   {'HEAD', 'GET'} /docs
2025-06-05 15:37:53 - app - INFO -   {'HEAD', 'GET'} /docs/oauth2-redirect
2025-06-05 15:37:53 - app - INFO -   {'HEAD', 'GET'} /redoc
2025-06-05 15:37:53 - app - INFO -   [MOUNT] /static
2025-06-05 15:37:53 - app - INFO -   {'POST'} /api/v1/auth/login
2025-06-05 15:37:53 - app - INFO -   {'POST'} /api/v1/auth/register
2025-06-05 15:37:53 - app - INFO -   {'GET'} /api/v1/auth/me
2025-06-05 15:37:53 - app - INFO -   {'POST'} /api/v1/face/register-face
2025-06-05 15:37:53 - app - INFO -   {'POST'} /api/v1/face/mark-attendance
2025-06-05 15:37:53 - app - INFO -   {'GET'} /api/v1/face/face-count
2025-06-05 15:37:53 - app - INFO -   {'GET'} /api/v1/attendance/records
2025-06-05 15:37:53 - app - INFO -   {'GET'} /api/v1/attendance/report
2025-06-05 15:37:53 - app - INFO -   {'DELETE'} /api/v1/attendance/records/{attendance_id}
2025-06-05 15:38:09 - app - INFO - Request started - Method: POST, URL: http://localhost:8000/api/v1/auth/login, Client: 127.0.0.1
2025-06-05 15:38:09 - app - INFO - Login attempt for user: 2237889.aids.cec@cgc.edu.in
2025-06-05 15:38:10 - app - INFO - Successful login for user: 2237889.aids.cec@cgc.edu.in
2025-06-05 15:38:10 - app - INFO - Request completed - Method: POST, URL: http://localhost:8000/api/v1/auth/login, Status: 200, Duration: 0.321s
2025-06-05 15:38:10 - app - INFO - Request started - Method: GET, URL: http://localhost:8000/api/v1/auth/me, Client: 127.0.0.1
2025-06-05 15:38:10 - app - INFO - Profile accessed by user: 2237889.aids.cec@cgc.edu.in
2025-06-05 15:38:10 - app - INFO - Request completed - Method: GET, URL: http://localhost:8000/api/v1/auth/me, Status: 200, Duration: 0.010s
2025-06-05 15:38:17 - app - INFO - Request started - Method: GET, URL: http://localhost:8000/api/v1/attendance/report?start_date=2025-06-05&end_date=2025-06-05, Client: 127.0.0.1
2025-06-05 15:38:17 - app - INFO - Generating attendance report - User: 2237889.aids.cec@cgc.edu.in, Start Date: 2025-06-05, End Date: 2025-06-05, Session ID: None
2025-06-05 15:38:17 - app - INFO - Successfully generated attendance report: start_date=datetime.date(2025, 6, 5) end_date=datetime.date(2025, 6, 5) session_id=None total_students=2 total_present=0 total_absent=2 attendance_rate=0.0 attendance_details=[StudentAttendanceDetail(id=10, user_id=3, student_name='Gaurav singh', student_email='2237864.aids.cec@cgc.edu.in', student_identifier='2237864', status=<AttendanceStatus.ABSENT: 'absent'>, confidence_score=0.0, created_at=datetime.datetime(2025, 6, 5, 9, 7, 37, 535305)), StudentAttendanceDetail(id=9, user_id=1, student_name='None None', student_email='atulsinghatul123456789@gmail.com', student_identifier=None, status=<AttendanceStatus.ABSENT: 'absent'>, confidence_score=0.0, created_at=datetime.datetime(2025, 6, 5, 9, 7, 37, 535305))]
2025-06-05 15:38:17 - app - INFO - Request completed - Method: GET, URL: http://localhost:8000/api/v1/attendance/report?start_date=2025-06-05&end_date=2025-06-05, Status: 200, Duration: 0.019s
2025-06-05 15:38:46 - app - INFO - Request started - Method: POST, URL: http://localhost:8000/api/v1/face/mark-attendance?session_id=MATH_2025_06_05, Client: 127.0.0.1
2025-06-05 15:38:46 - app - INFO - Attendance marking attempt by user: 2237889.aids.cec@cgc.edu.in, session: MATH_2025_06_05
2025-06-05 15:38:47 - app - INFO - Found 1 face matches in attendance image
2025-06-05 15:38:47 - app - INFO - Request completed - Method: POST, URL: http://localhost:8000/api/v1/face/mark-attendance?session_id=MATH_2025_06_05, Status: 200, Duration: 1.409s
2025-06-05 15:38:53 - app - INFO - Request started - Method: GET, URL: http://localhost:8000/api/v1/attendance/report?start_date=2025-06-05&end_date=2025-06-05, Client: 127.0.0.1
2025-06-05 15:38:53 - app - INFO - Generating attendance report - User: 2237889.aids.cec@cgc.edu.in, Start Date: 2025-06-05, End Date: 2025-06-05, Session ID: None
2025-06-05 15:38:53 - app - INFO - Successfully generated attendance report: start_date=datetime.date(2025, 6, 5) end_date=datetime.date(2025, 6, 5) session_id=None total_students=2 total_present=0 total_absent=2 attendance_rate=0.0 attendance_details=[StudentAttendanceDetail(id=10, user_id=3, student_name='Gaurav singh', student_email='2237864.aids.cec@cgc.edu.in', student_identifier='2237864', status=<AttendanceStatus.ABSENT: 'absent'>, confidence_score=0.0, created_at=datetime.datetime(2025, 6, 5, 9, 7, 37, 535305)), StudentAttendanceDetail(id=9, user_id=1, student_name='None None', student_email='atulsinghatul123456789@gmail.com', student_identifier=None, status=<AttendanceStatus.ABSENT: 'absent'>, confidence_score=0.0, created_at=datetime.datetime(2025, 6, 5, 9, 7, 37, 535305))]
2025-06-05 15:38:53 - app - INFO - Request completed - Method: GET, URL: http://localhost:8000/api/v1/attendance/report?start_date=2025-06-05&end_date=2025-06-05, Status: 200, Duration: 0.007s
2025-06-05 15:38:58 - app - INFO - Request started - Method: GET, URL: http://localhost:8000/api/v1/attendance/report?start_date=2025-06-05&end_date=2025-06-05, Client: 127.0.0.1
2025-06-05 15:38:58 - app - INFO - Generating attendance report - User: 2237889.aids.cec@cgc.edu.in, Start Date: 2025-06-05, End Date: 2025-06-05, Session ID: None
2025-06-05 15:38:58 - app - INFO - Successfully generated attendance report: start_date=datetime.date(2025, 6, 5) end_date=datetime.date(2025, 6, 5) session_id=None total_students=2 total_present=0 total_absent=2 attendance_rate=0.0 attendance_details=[StudentAttendanceDetail(id=10, user_id=3, student_name='Gaurav singh', student_email='2237864.aids.cec@cgc.edu.in', student_identifier='2237864', status=<AttendanceStatus.ABSENT: 'absent'>, confidence_score=0.0, created_at=datetime.datetime(2025, 6, 5, 9, 7, 37, 535305)), StudentAttendanceDetail(id=9, user_id=1, student_name='None None', student_email='atulsinghatul123456789@gmail.com', student_identifier=None, status=<AttendanceStatus.ABSENT: 'absent'>, confidence_score=0.0, created_at=datetime.datetime(2025, 6, 5, 9, 7, 37, 535305))]
2025-06-05 15:38:58 - app - INFO - Request completed - Method: GET, URL: http://localhost:8000/api/v1/attendance/report?start_date=2025-06-05&end_date=2025-06-05, Status: 200, Duration: 0.008s
2025-06-05 15:39:30 - app - INFO - Request started - Method: OPTIONS, URL: http://localhost:8000/api/v1/attendance/report?start_date=2025-06-05&end_date=2025-06-05&session_id=MATH_2025_06_05, Client: 127.0.0.1
2025-06-05 15:39:30 - app - INFO - Request completed - Method: OPTIONS, URL: http://localhost:8000/api/v1/attendance/report?start_date=2025-06-05&end_date=2025-06-05&session_id=MATH_2025_06_05, Status: 200, Duration: 0.001s
2025-06-05 15:39:30 - app - INFO - Request started - Method: GET, URL: http://localhost:8000/api/v1/attendance/report?start_date=2025-06-05&end_date=2025-06-05&session_id=MATH_2025_06_05, Client: 127.0.0.1
2025-06-05 15:39:30 - app - INFO - Generating attendance report - User: 2237889.aids.cec@cgc.edu.in, Start Date: 2025-06-05, End Date: 2025-06-05, Session ID: MATH_2025_06_05
2025-06-05 15:39:30 - app - INFO - Successfully generated attendance report: start_date=datetime.date(2025, 6, 5) end_date=datetime.date(2025, 6, 5) session_id='MATH_2025_06_05' total_students=2 total_present=1 total_absent=1 attendance_rate=50.0 attendance_details=[StudentAttendanceDetail(id=15, user_id=3, student_name='Gaurav singh', student_email='2237864.aids.cec@cgc.edu.in', student_identifier='2237864', status=<AttendanceStatus.PRESENT: 'present'>, confidence_score=71.8844033941111, created_at=datetime.datetime(2025, 6, 5, 9, 32, 22, 130599)), StudentAttendanceDetail(id=16, user_id=1, student_name='None None', student_email='atulsinghatul123456789@gmail.com', student_identifier=None, status=<AttendanceStatus.ABSENT: 'absent'>, confidence_score=0.0, created_at=datetime.datetime(2025, 6, 5, 9, 32, 22, 156552))]
2025-06-05 15:39:30 - app - INFO - Request completed - Method: GET, URL: http://localhost:8000/api/v1/attendance/report?start_date=2025-06-05&end_date=2025-06-05&session_id=MATH_2025_06_05, Status: 200, Duration: 0.008s
2025-06-05 15:40:50 - app - INFO - Successfully mounted static files directory at: C:\Users\gaura\OneDrive\Desktop\project-1\backend\static
2025-06-05 15:40:50 - app - INFO - Starting Face Recognition Attendance System v1.0.0
2025-06-05 15:40:50 - app - INFO - === REGISTERED ROUTES ===
2025-06-05 15:40:50 - app - INFO - API_V1_STR setting: /api/v1
2025-06-05 15:40:50 - app - INFO -   {'HEAD', 'GET'} /api/v1/openapi.json
2025-06-05 15:40:50 - app - INFO -   {'HEAD', 'GET'} /docs
2025-06-05 15:40:50 - app - INFO -   {'HEAD', 'GET'} /docs/oauth2-redirect
2025-06-05 15:40:50 - app - INFO -   {'HEAD', 'GET'} /redoc
2025-06-05 15:40:50 - app - INFO -   [MOUNT] /static
2025-06-05 15:40:50 - app - INFO -   {'POST'} /api/v1/auth/login
2025-06-05 15:40:50 - app - INFO -   {'POST'} /api/v1/auth/register
2025-06-05 15:40:50 - app - INFO -   {'GET'} /api/v1/auth/me
2025-06-05 15:40:50 - app - INFO -   {'POST'} /api/v1/face/register-face
2025-06-05 15:40:50 - app - INFO -   {'POST'} /api/v1/face/mark-attendance
2025-06-05 15:40:50 - app - INFO -   {'GET'} /api/v1/face/face-count
2025-06-05 15:40:50 - app - INFO -   {'GET'} /api/v1/attendance/records
2025-06-05 15:40:50 - app - INFO -   {'GET'} /api/v1/attendance/report
2025-06-05 15:40:50 - app - INFO -   {'DELETE'} /api/v1/attendance/records/{attendance_id}
2025-06-05 15:41:10 - app - INFO - Request started - Method: GET, URL: http://localhost:8000/api/v1/attendance/report?start_date=2025-06-05&end_date=2025-06-05&session_id=MATH_2025_06_05, Client: 127.0.0.1
2025-06-05 15:41:10 - app - INFO - Generating attendance report - User: 2237889.aids.cec@cgc.edu.in, Start Date: 2025-06-05, End Date: 2025-06-05, Session ID: MATH_2025_06_05
2025-06-05 15:41:10 - app - INFO - Successfully generated attendance report: start_date=datetime.date(2025, 6, 5) end_date=datetime.date(2025, 6, 5) session_id='MATH_2025_06_05' total_students=2 total_present=1 total_absent=1 attendance_rate=50.0 attendance_details=[StudentAttendanceDetail(id=15, user_id=3, student_name='Gaurav singh', student_email='2237864.aids.cec@cgc.edu.in', student_identifier='2237864', status=<AttendanceStatus.PRESENT: 'present'>, confidence_score=71.8844033941111, created_at=datetime.datetime(2025, 6, 5, 9, 32, 22, 130599)), StudentAttendanceDetail(id=16, user_id=1, student_name='None None', student_email='atulsinghatul123456789@gmail.com', student_identifier=None, status=<AttendanceStatus.ABSENT: 'absent'>, confidence_score=0.0, created_at=datetime.datetime(2025, 6, 5, 9, 32, 22, 156552))]
2025-06-05 15:41:10 - app - INFO - Request completed - Method: GET, URL: http://localhost:8000/api/v1/attendance/report?start_date=2025-06-05&end_date=2025-06-05&session_id=MATH_2025_06_05, Status: 200, Duration: 0.063s
2025-06-05 15:41:47 - app - INFO - Request started - Method: POST, URL: http://localhost:8000/api/v1/face/mark-attendance?session_id=MATH_2025_06_05, Client: 127.0.0.1
2025-06-05 15:41:47 - app - INFO - Attendance marking attempt by user: 2237889.aids.cec@cgc.edu.in, session: MATH_2025_06_05
2025-06-05 15:41:48 - app - INFO - Found 1 face matches in attendance image
2025-06-05 15:41:48 - app - INFO - Request completed - Method: POST, URL: http://localhost:8000/api/v1/face/mark-attendance?session_id=MATH_2025_06_05, Status: 200, Duration: 1.131s
2025-06-05 15:41:53 - app - INFO - Request started - Method: GET, URL: http://localhost:8000/api/v1/attendance/report?start_date=2025-06-05&end_date=2025-06-05, Client: 127.0.0.1
2025-06-05 15:41:53 - app - INFO - Generating attendance report - User: 2237889.aids.cec@cgc.edu.in, Start Date: 2025-06-05, End Date: 2025-06-05, Session ID: None
2025-06-05 15:41:53 - app - INFO - Successfully generated attendance report: start_date=datetime.date(2025, 6, 5) end_date=datetime.date(2025, 6, 5) session_id=None total_students=2 total_present=0 total_absent=2 attendance_rate=0.0 attendance_details=[StudentAttendanceDetail(id=10, user_id=3, student_name='Gaurav singh', student_email='2237864.aids.cec@cgc.edu.in', student_identifier='2237864', status=<AttendanceStatus.ABSENT: 'absent'>, confidence_score=0.0, created_at=datetime.datetime(2025, 6, 5, 9, 7, 37, 535305)), StudentAttendanceDetail(id=9, user_id=1, student_name='None None', student_email='atulsinghatul123456789@gmail.com', student_identifier=None, status=<AttendanceStatus.ABSENT: 'absent'>, confidence_score=0.0, created_at=datetime.datetime(2025, 6, 5, 9, 7, 37, 535305))]
2025-06-05 15:41:53 - app - INFO - Request completed - Method: GET, URL: http://localhost:8000/api/v1/attendance/report?start_date=2025-06-05&end_date=2025-06-05, Status: 200, Duration: 0.008s
2025-06-05 15:41:58 - app - INFO - Request started - Method: GET, URL: http://localhost:8000/api/v1/attendance/report?start_date=2025-06-05&end_date=2025-06-05&session_id=MATH_2025_06_05, Client: 127.0.0.1
2025-06-05 15:41:58 - app - INFO - Generating attendance report - User: 2237889.aids.cec@cgc.edu.in, Start Date: 2025-06-05, End Date: 2025-06-05, Session ID: MATH_2025_06_05
2025-06-05 15:41:58 - app - INFO - Successfully generated attendance report: start_date=datetime.date(2025, 6, 5) end_date=datetime.date(2025, 6, 5) session_id='MATH_2025_06_05' total_students=2 total_present=1 total_absent=1 attendance_rate=50.0 attendance_details=[StudentAttendanceDetail(id=15, user_id=3, student_name='Gaurav singh', student_email='2237864.aids.cec@cgc.edu.in', student_identifier='2237864', status=<AttendanceStatus.PRESENT: 'present'>, confidence_score=71.8844033941111, created_at=datetime.datetime(2025, 6, 5, 9, 32, 22, 130599)), StudentAttendanceDetail(id=16, user_id=1, student_name='None None', student_email='atulsinghatul123456789@gmail.com', student_identifier=None, status=<AttendanceStatus.ABSENT: 'absent'>, confidence_score=0.0, created_at=datetime.datetime(2025, 6, 5, 9, 32, 22, 156552))]
2025-06-05 15:41:58 - app - INFO - Request completed - Method: GET, URL: http://localhost:8000/api/v1/attendance/report?start_date=2025-06-05&end_date=2025-06-05&session_id=MATH_2025_06_05, Status: 200, Duration: 0.007s
2025-06-05 15:45:22 - app - INFO - Successfully mounted static files directory at: C:\Users\gaura\OneDrive\Desktop\project-1\backend\static
2025-06-05 15:45:22 - app - INFO - Starting Face Recognition Attendance System v1.0.0
2025-06-05 15:45:22 - app - INFO - === REGISTERED ROUTES ===
2025-06-05 15:45:22 - app - INFO - API_V1_STR setting: /api/v1
2025-06-05 15:45:22 - app - INFO -   {'HEAD', 'GET'} /api/v1/openapi.json
2025-06-05 15:45:22 - app - INFO -   {'HEAD', 'GET'} /docs
2025-06-05 15:45:22 - app - INFO -   {'HEAD', 'GET'} /docs/oauth2-redirect
2025-06-05 15:45:22 - app - INFO -   {'HEAD', 'GET'} /redoc
2025-06-05 15:45:22 - app - INFO -   [MOUNT] /static
2025-06-05 15:45:22 - app - INFO -   {'POST'} /api/v1/auth/login
2025-06-05 15:45:22 - app - INFO -   {'POST'} /api/v1/auth/register
2025-06-05 15:45:22 - app - INFO -   {'GET'} /api/v1/auth/me
2025-06-05 15:45:22 - app - INFO -   {'POST'} /api/v1/face/register-face
2025-06-05 15:45:22 - app - INFO -   {'POST'} /api/v1/face/mark-attendance
2025-06-05 15:45:22 - app - INFO -   {'GET'} /api/v1/face/face-count
2025-06-05 15:45:22 - app - INFO -   {'GET'} /api/v1/attendance/records
2025-06-05 15:45:22 - app - INFO -   {'GET'} /api/v1/attendance/report
2025-06-05 15:45:22 - app - INFO -   {'DELETE'} /api/v1/attendance/records/{attendance_id}
2025-06-05 15:51:05 - app - INFO - Request started - Method: POST, URL: http://localhost:8000/api/v1/auth/login, Client: 127.0.0.1
2025-06-05 15:51:05 - app - INFO - Login attempt for user: 2237864.aids.cec@cgc.edu.in
2025-06-05 15:51:05 - app - INFO - Successful login for user: 2237864.aids.cec@cgc.edu.in
2025-06-05 15:51:06 - app - INFO - Request completed - Method: POST, URL: http://localhost:8000/api/v1/auth/login, Status: 200, Duration: 0.449s
2025-06-05 15:51:06 - app - INFO - Request started - Method: OPTIONS, URL: http://localhost:8000/api/v1/auth/me, Client: 127.0.0.1
2025-06-05 15:51:06 - app - INFO - Request completed - Method: OPTIONS, URL: http://localhost:8000/api/v1/auth/me, Status: 200, Duration: 0.000s
2025-06-05 15:51:06 - app - INFO - Request started - Method: GET, URL: http://localhost:8000/api/v1/auth/me, Client: 127.0.0.1
2025-06-05 15:51:06 - app - INFO - Profile accessed by user: 2237864.aids.cec@cgc.edu.in
2025-06-05 15:51:06 - app - INFO - Request completed - Method: GET, URL: http://localhost:8000/api/v1/auth/me, Status: 200, Duration: 0.012s
2025-06-05 15:51:41 - app - INFO - Request started - Method: OPTIONS, URL: http://localhost:8000/api/v1/attendance/report?start_date=2025-06-05&end_date=2025-06-05&session_id=MATH_2025_06_05, Client: 127.0.0.1
2025-06-05 15:51:41 - app - INFO - Request completed - Method: OPTIONS, URL: http://localhost:8000/api/v1/attendance/report?start_date=2025-06-05&end_date=2025-06-05&session_id=MATH_2025_06_05, Status: 200, Duration: 0.001s
2025-06-05 15:51:42 - app - INFO - Request started - Method: GET, URL: http://localhost:8000/api/v1/attendance/report?start_date=2025-06-05&end_date=2025-06-05&session_id=MATH_2025_06_05, Client: 127.0.0.1
2025-06-05 15:51:42 - app - INFO - Generating attendance report - User: 2237864.aids.cec@cgc.edu.in, Start Date: 2025-06-05, End Date: 2025-06-05, Session ID: MATH_2025_06_05
2025-06-05 15:51:42 - app - WARNING - Unauthorized report generation attempt by user: 2237864.aids.cec@cgc.edu.in
2025-06-05 15:51:42 - app - INFO - Request completed - Method: GET, URL: http://localhost:8000/api/v1/attendance/report?start_date=2025-06-05&end_date=2025-06-05&session_id=MATH_2025_06_05, Status: 403, Duration: 0.011s
2025-06-05 15:54:54 - app - INFO - Request started - Method: OPTIONS, URL: http://localhost:8000/, Client: 127.0.0.1
2025-06-05 15:54:54 - app - INFO - Request completed - Method: OPTIONS, URL: http://localhost:8000/, Status: 200, Duration: 0.001s
2025-06-05 15:54:54 - app - INFO - Request started - Method: GET, URL: http://localhost:8000/, Client: 127.0.0.1
2025-06-05 15:54:54 - app - INFO - Root endpoint accessed
2025-06-05 15:54:54 - app - INFO - Request completed - Method: GET, URL: http://localhost:8000/, Status: 200, Duration: 0.013s
2025-06-05 15:54:54 - app - INFO - Request started - Method: OPTIONS, URL: http://localhost:8000/api/v1/auth/register, Client: 127.0.0.1
2025-06-05 15:54:54 - app - INFO - Request completed - Method: OPTIONS, URL: http://localhost:8000/api/v1/auth/register, Status: 200, Duration: 0.001s
2025-06-05 15:54:54 - app - INFO - Request started - Method: POST, URL: http://localhost:8000/api/v1/auth/register, Client: 127.0.0.1
2025-06-05 15:54:54 - app - INFO - Registration attempt for email: 2336825.cse.cec@gmail.com
2025-06-05 15:54:54 - app - INFO - Successfully registered new user: 2336825.cse.cec@gmail.com
2025-06-05 15:54:54 - app - INFO - Request completed - Method: POST, URL: http://localhost:8000/api/v1/auth/register, Status: 200, Duration: 0.379s
2025-06-05 15:55:01 - app - INFO - Request started - Method: POST, URL: http://localhost:8000/api/v1/auth/login, Client: 127.0.0.1
2025-06-05 15:55:01 - app - INFO - Login attempt for user: 2336825.cse.cec@gmail.com
2025-06-05 15:55:01 - app - INFO - Successful login for user: 2336825.cse.cec@gmail.com
2025-06-05 15:55:01 - app - INFO - Request completed - Method: POST, URL: http://localhost:8000/api/v1/auth/login, Status: 200, Duration: 0.248s
2025-06-05 15:55:01 - app - INFO - Request started - Method: GET, URL: http://localhost:8000/api/v1/auth/me, Client: 127.0.0.1
2025-06-05 15:55:01 - app - INFO - Profile accessed by user: 2336825.cse.cec@gmail.com
2025-06-05 15:55:01 - app - INFO - Request completed - Method: GET, URL: http://localhost:8000/api/v1/auth/me, Status: 200, Duration: 0.005s
2025-06-05 15:55:16 - app - INFO - Request started - Method: POST, URL: http://localhost:8000/api/v1/auth/login, Client: 127.0.0.1
2025-06-05 15:55:16 - app - INFO - Login attempt for user: 2237889.aids.cec@cgc.edu.in
2025-06-05 15:55:17 - app - INFO - Successful login for user: 2237889.aids.cec@cgc.edu.in
2025-06-05 15:55:17 - app - INFO - Request completed - Method: POST, URL: http://localhost:8000/api/v1/auth/login, Status: 200, Duration: 0.250s
2025-06-05 15:55:17 - app - INFO - Request started - Method: GET, URL: http://localhost:8000/api/v1/auth/me, Client: 127.0.0.1
2025-06-05 15:55:17 - app - INFO - Profile accessed by user: 2237889.aids.cec@cgc.edu.in
2025-06-05 15:55:17 - app - INFO - Request completed - Method: GET, URL: http://localhost:8000/api/v1/auth/me, Status: 200, Duration: 0.006s
2025-06-05 15:55:33 - app - INFO - Request started - Method: POST, URL: http://localhost:8000/api/v1/auth/login, Client: 127.0.0.1
2025-06-05 15:55:33 - app - INFO - Login attempt for user: 2336825.cse.cec@gmail.com
2025-06-05 15:55:33 - app - INFO - Successful login for user: 2336825.cse.cec@gmail.com
2025-06-05 15:55:33 - app - INFO - Request completed - Method: POST, URL: http://localhost:8000/api/v1/auth/login, Status: 200, Duration: 0.237s
2025-06-05 15:55:33 - app - INFO - Request started - Method: GET, URL: http://localhost:8000/api/v1/auth/me, Client: 127.0.0.1
2025-06-05 15:55:33 - app - INFO - Profile accessed by user: 2336825.cse.cec@gmail.com
2025-06-05 15:55:33 - app - INFO - Request completed - Method: GET, URL: http://localhost:8000/api/v1/auth/me, Status: 200, Duration: 0.007s
2025-06-05 15:55:36 - app - INFO - Request started - Method: OPTIONS, URL: http://localhost:8000/api/v1/face/face-count, Client: 127.0.0.1
2025-06-05 15:55:36 - app - INFO - Request started - Method: OPTIONS, URL: http://localhost:8000/api/v1/face/face-count, Client: 127.0.0.1
2025-06-05 15:55:36 - app - INFO - Request completed - Method: OPTIONS, URL: http://localhost:8000/api/v1/face/face-count, Status: 200, Duration: 0.001s
2025-06-05 15:55:36 - app - INFO - Request completed - Method: OPTIONS, URL: http://localhost:8000/api/v1/face/face-count, Status: 200, Duration: 0.001s
2025-06-05 15:55:36 - app - INFO - Request started - Method: GET, URL: http://localhost:8000/api/v1/face/face-count, Client: 127.0.0.1
2025-06-05 15:55:36 - app - INFO - Retrieving face count for user: 2336825.cse.cec@gmail.com
2025-06-05 15:55:36 - app - INFO - Retrieved face count successfully: 0 faces for user 2336825.cse.cec@gmail.com
2025-06-05 15:55:36 - app - INFO - Request completed - Method: GET, URL: http://localhost:8000/api/v1/face/face-count, Status: 200, Duration: 0.071s
2025-06-05 15:55:36 - app - INFO - Request started - Method: GET, URL: http://localhost:8000/api/v1/face/face-count, Client: 127.0.0.1
2025-06-05 15:55:36 - app - INFO - Retrieving face count for user: 2336825.cse.cec@gmail.com
2025-06-05 15:55:36 - app - INFO - Retrieved face count successfully: 0 faces for user 2336825.cse.cec@gmail.com
2025-06-05 15:55:36 - app - INFO - Request completed - Method: GET, URL: http://localhost:8000/api/v1/face/face-count, Status: 200, Duration: 0.009s
2025-06-05 15:56:25 - app - INFO - Request started - Method: OPTIONS, URL: http://localhost:8000/api/v1/face/register-face, Client: 127.0.0.1
2025-06-05 15:56:25 - app - INFO - Request completed - Method: OPTIONS, URL: http://localhost:8000/api/v1/face/register-face, Status: 200, Duration: 0.001s
2025-06-05 15:56:25 - app - INFO - Request started - Method: POST, URL: http://localhost:8000/api/v1/face/register-face, Client: 127.0.0.1
2025-06-05 15:56:25 - app - INFO - Face registration attempt for user: 2336825.cse.cec@gmail.com, image: face.jpg
2025-06-05 15:56:27 - app - INFO - Successfully registered face for user: 2336825.cse.cec@gmail.com, path: ./static/uploads\5\face_20250605_155625.jpg
2025-06-05 15:56:27 - app - INFO - Request completed - Method: POST, URL: http://localhost:8000/api/v1/face/register-face, Status: 200, Duration: 1.360s
2025-06-05 15:56:27 - app - INFO - Request started - Method: POST, URL: http://localhost:8000/api/v1/face/register-face, Client: 127.0.0.1
2025-06-05 15:56:27 - app - INFO - Face registration attempt for user: 2336825.cse.cec@gmail.com, image: face.jpg
2025-06-05 15:56:27 - app - INFO - Successfully registered face for user: 2336825.cse.cec@gmail.com, path: ./static/uploads\5\face_20250605_155627.jpg
2025-06-05 15:56:27 - app - INFO - Request completed - Method: POST, URL: http://localhost:8000/api/v1/face/register-face, Status: 200, Duration: 0.849s
2025-06-05 15:56:27 - app - INFO - Request started - Method: POST, URL: http://localhost:8000/api/v1/face/register-face, Client: 127.0.0.1
2025-06-05 15:56:27 - app - INFO - Face registration attempt for user: 2336825.cse.cec@gmail.com, image: face.jpg
2025-06-05 15:56:28 - app - INFO - Successfully registered face for user: 2336825.cse.cec@gmail.com, path: ./static/uploads\5\face_20250605_155627.jpg
2025-06-05 15:56:28 - app - INFO - Request completed - Method: POST, URL: http://localhost:8000/api/v1/face/register-face, Status: 200, Duration: 0.844s
2025-06-05 15:56:28 - app - INFO - Request started - Method: POST, URL: http://localhost:8000/api/v1/face/register-face, Client: 127.0.0.1
2025-06-05 15:56:28 - app - INFO - Face registration attempt for user: 2336825.cse.cec@gmail.com, image: face.jpg
2025-06-05 15:56:29 - app - INFO - Successfully registered face for user: 2336825.cse.cec@gmail.com, path: ./static/uploads\5\face_20250605_155628.jpg
2025-06-05 15:56:29 - app - INFO - Request completed - Method: POST, URL: http://localhost:8000/api/v1/face/register-face, Status: 200, Duration: 0.761s
2025-06-05 15:56:29 - app - INFO - Request started - Method: POST, URL: http://localhost:8000/api/v1/face/register-face, Client: 127.0.0.1
2025-06-05 15:56:29 - app - INFO - Face registration attempt for user: 2336825.cse.cec@gmail.com, image: face.jpg
2025-06-05 15:56:30 - app - INFO - Successfully registered face for user: 2336825.cse.cec@gmail.com, path: ./static/uploads\5\face_20250605_155629.jpg
2025-06-05 15:56:30 - app - INFO - Request completed - Method: POST, URL: http://localhost:8000/api/v1/face/register-face, Status: 200, Duration: 0.753s
2025-06-05 15:56:30 - app - INFO - Request started - Method: GET, URL: http://localhost:8000/api/v1/face/face-count, Client: 127.0.0.1
2025-06-05 15:56:30 - app - INFO - Retrieving face count for user: 2336825.cse.cec@gmail.com
2025-06-05 15:56:30 - app - INFO - Retrieved face count successfully: 5 faces for user 2336825.cse.cec@gmail.com
2025-06-05 15:56:30 - app - INFO - Request completed - Method: GET, URL: http://localhost:8000/api/v1/face/face-count, Status: 200, Duration: 0.007s
2025-06-05 15:56:42 - app - INFO - Request started - Method: POST, URL: http://localhost:8000/api/v1/auth/login, Client: 127.0.0.1
2025-06-05 15:56:42 - app - INFO - Login attempt for user: 2237889.aids.cec@cgc.edu.in
2025-06-05 15:56:43 - app - INFO - Successful login for user: 2237889.aids.cec@cgc.edu.in
2025-06-05 15:56:43 - app - INFO - Request completed - Method: POST, URL: http://localhost:8000/api/v1/auth/login, Status: 200, Duration: 0.231s
2025-06-05 15:56:43 - app - INFO - Request started - Method: GET, URL: http://localhost:8000/api/v1/auth/me, Client: 127.0.0.1
2025-06-05 15:56:43 - app - INFO - Profile accessed by user: 2237889.aids.cec@cgc.edu.in
2025-06-05 15:56:43 - app - INFO - Request completed - Method: GET, URL: http://localhost:8000/api/v1/auth/me, Status: 200, Duration: 0.005s
2025-06-05 15:57:44 - app - INFO - Request started - Method: OPTIONS, URL: http://localhost:8000/api/v1/face/mark-attendance?session_id=MATH_2025_06_06, Client: 127.0.0.1
2025-06-05 15:57:44 - app - INFO - Request completed - Method: OPTIONS, URL: http://localhost:8000/api/v1/face/mark-attendance?session_id=MATH_2025_06_06, Status: 200, Duration: 0.000s
2025-06-05 15:57:45 - app - INFO - Request started - Method: POST, URL: http://localhost:8000/api/v1/face/mark-attendance?session_id=MATH_2025_06_06, Client: 127.0.0.1
2025-06-05 15:57:45 - app - INFO - Attendance marking attempt by user: 2237889.aids.cec@cgc.edu.in, session: MATH_2025_06_06
2025-06-05 15:57:47 - app - INFO - Found 2 face matches in attendance image
2025-06-05 15:57:47 - app - INFO - Request completed - Method: POST, URL: http://localhost:8000/api/v1/face/mark-attendance?session_id=MATH_2025_06_06, Status: 200, Duration: 2.288s
2025-06-05 15:58:49 - app - INFO - Request started - Method: OPTIONS, URL: http://localhost:8000/api/v1/attendance/report?start_date=2025-06-05&end_date=2025-06-05&session_id=MATH_2025_06_06, Client: 127.0.0.1
2025-06-05 15:58:49 - app - INFO - Request completed - Method: OPTIONS, URL: http://localhost:8000/api/v1/attendance/report?start_date=2025-06-05&end_date=2025-06-05&session_id=MATH_2025_06_06, Status: 200, Duration: 0.001s
2025-06-05 15:58:49 - app - INFO - Request started - Method: GET, URL: http://localhost:8000/api/v1/attendance/report?start_date=2025-06-05&end_date=2025-06-05&session_id=MATH_2025_06_06, Client: 127.0.0.1
2025-06-05 15:58:49 - app - INFO - Generating attendance report - User: 2237889.aids.cec@cgc.edu.in, Start Date: 2025-06-05, End Date: 2025-06-05, Session ID: MATH_2025_06_06
2025-06-05 15:58:49 - app - INFO - Successfully generated attendance report: start_date=datetime.date(2025, 6, 5) end_date=datetime.date(2025, 6, 5) session_id='MATH_2025_06_06' total_students=3 total_present=2 total_absent=1 attendance_rate=66.67 attendance_details=[StudentAttendanceDetail(id=26, user_id=5, student_name='Divyanshu Jaiswal', student_email='2336825.cse.cec@gmail.com', student_identifier='2336825', status=<AttendanceStatus.PRESENT: 'present'>, confidence_score=0.564462286462065, created_at=datetime.datetime(2025, 6, 5, 10, 27, 47, 61500)), StudentAttendanceDetail(id=27, user_id=3, student_name='Gaurav singh', student_email='2237864.aids.cec@cgc.edu.in', student_identifier='2237864', status=<AttendanceStatus.ABSENT: 'absent'>, confidence_score=0.0, created_at=datetime.datetime(2025, 6, 5, 10, 27, 47, 99045)), StudentAttendanceDetail(id=25, user_id=1, student_name='None None', student_email='atulsinghatul123456789@gmail.com', student_identifier=None, status=<AttendanceStatus.PRESENT: 'present'>, confidence_score=0.4799701294615649, created_at=datetime.datetime(2025, 6, 5, 10, 27, 47, 61500))]
2025-06-05 15:58:49 - app - INFO - Request completed - Method: GET, URL: http://localhost:8000/api/v1/attendance/report?start_date=2025-06-05&end_date=2025-06-05&session_id=MATH_2025_06_06, Status: 200, Duration: 0.009s
