2025-11-06 08:03:39 - app - INFO - Successfully mounted static files directory at: C:\Users\gaura\OneDrive\Desktop\project-1\backend\static
2025-11-06 08:03:39 - app - INFO - Starting Face Recognition Attendance System v1.0.0
2025-11-06 08:03:39 - app - INFO - === REGISTERED ROUTES ===
2025-11-06 08:03:39 - app - INFO - API_V1_STR setting: /api/v1
2025-11-06 08:03:39 - app - INFO -   {'HEAD', 'GET'} /api/v1/openapi.json
2025-11-06 08:03:39 - app - INFO -   {'HEAD', 'GET'} /docs
2025-11-06 08:03:39 - app - INFO -   {'HEAD', 'GET'} /docs/oauth2-redirect
2025-11-06 08:03:39 - app - INFO -   {'HEAD', 'GET'} /redoc
2025-11-06 08:03:39 - app - INFO -   [MOUNT] /static
2025-11-06 08:03:39 - app - INFO -   {'POST'} /api/v1/auth/login
2025-11-06 08:03:39 - app - INFO -   {'POST'} /api/v1/auth/register
2025-11-06 08:03:39 - app - INFO -   {'GET'} /api/v1/auth/me
2025-11-06 08:03:39 - app - INFO -   {'POST'} /api/v1/face/register-face
2025-11-06 08:03:39 - app - INFO -   {'POST'} /api/v1/face/mark-attendance
2025-11-06 08:03:39 - app - INFO -   {'GET'} /api/v1/face/face-count
2025-11-06 08:03:39 - app - INFO -   {'GET'} /api/v1/attendance/records
2025-11-06 08:03:39 - app - INFO -   {'GET'} /api/v1/attendance/report
2025-11-06 08:03:39 - app - INFO -   {'DELETE'} /api/v1/attendance/records/{attendance_id}
2025-11-06 08:05:12 - app - INFO - Request started - Method: POST, URL: http://localhost:8000/api/v1/auth/login, Client: 127.0.0.1
2025-11-06 08:05:12 - app - INFO - Login attempt for user: singhgauravgzp@gmail.com
2025-11-06 08:05:14 - app - INFO - Successful login for user: singhgauravgzp@gmail.com
2025-11-06 08:05:14 - app - INFO - Request completed - Method: POST, URL: http://localhost:8000/api/v1/auth/login, Status: 200, Duration: 1.981s
2025-11-06 08:05:15 - app - INFO - Request started - Method: OPTIONS, URL: http://localhost:8000/api/v1/auth/me, Client: 127.0.0.1
2025-11-06 08:05:15 - app - INFO - Request completed - Method: OPTIONS, URL: http://localhost:8000/api/v1/auth/me, Status: 200, Duration: 0.001s
2025-11-06 08:05:15 - app - INFO - Request started - Method: GET, URL: http://localhost:8000/api/v1/auth/me, Client: 127.0.0.1
2025-11-06 08:05:15 - app - INFO - Profile accessed by user: singhgauravgzp@gmail.com
2025-11-06 08:06:40 - app - INFO - Successfully mounted static files directory at: C:\Users\gaura\OneDrive\Desktop\project-1\backend\static
2025-11-06 08:06:40 - app - INFO - Starting Face Recognition Attendance System v1.0.0
2025-11-06 08:06:40 - app - INFO - === REGISTERED ROUTES ===
2025-11-06 08:06:40 - app - INFO - API_V1_STR setting: /api/v1
2025-11-06 08:06:40 - app - INFO -   {'HEAD', 'GET'} /api/v1/openapi.json
2025-11-06 08:06:40 - app - INFO -   {'HEAD', 'GET'} /docs
2025-11-06 08:06:40 - app - INFO -   {'HEAD', 'GET'} /docs/oauth2-redirect
2025-11-06 08:06:40 - app - INFO -   {'HEAD', 'GET'} /redoc
2025-11-06 08:06:40 - app - INFO -   [MOUNT] /static
2025-11-06 08:06:40 - app - INFO -   {'POST'} /api/v1/auth/login
2025-11-06 08:06:40 - app - INFO -   {'POST'} /api/v1/auth/register
2025-11-06 08:06:40 - app - INFO -   {'GET'} /api/v1/auth/me
2025-11-06 08:06:40 - app - INFO -   {'POST'} /api/v1/face/register-face
2025-11-06 08:06:40 - app - INFO -   {'POST'} /api/v1/face/mark-attendance
2025-11-06 08:06:40 - app - INFO -   {'GET'} /api/v1/face/face-count
2025-11-06 08:06:40 - app - INFO -   {'GET'} /api/v1/attendance/records
2025-11-06 08:06:40 - app - INFO -   {'GET'} /api/v1/attendance/report
2025-11-06 08:06:40 - app - INFO -   {'DELETE'} /api/v1/attendance/records/{attendance_id}
2025-11-06 08:07:01 - app - INFO - Request started - Method: POST, URL: http://localhost:8000/api/v1/auth/login, Client: 127.0.0.1
2025-11-06 08:07:01 - app - INFO - Login attempt for user: singhgauravgzp@gmail.com
2025-11-06 08:07:01 - app - INFO - Successful login for user: singhgauravgzp@gmail.com
2025-11-06 08:07:01 - app - INFO - Request completed - Method: POST, URL: http://localhost:8000/api/v1/auth/login, Status: 200, Duration: 0.393s
2025-11-06 08:07:01 - app - INFO - Request started - Method: GET, URL: http://localhost:8000/api/v1/auth/me, Client: 127.0.0.1
2025-11-06 08:07:01 - app - INFO - Profile accessed by user: singhgauravgzp@gmail.com
2025-11-06 08:07:36 - app - INFO - Request started - Method: POST, URL: http://localhost:8000/api/v1/auth/login, Client: 127.0.0.1
2025-11-06 08:07:36 - app - INFO - Login attempt for user: 2237889.aids.cec@cgc.edu.in
2025-11-06 08:07:36 - app - INFO - Successful login for user: 2237889.aids.cec@cgc.edu.in
2025-11-06 08:07:36 - app - INFO - Request completed - Method: POST, URL: http://localhost:8000/api/v1/auth/login, Status: 200, Duration: 0.473s
2025-11-06 08:07:36 - app - INFO - Request started - Method: GET, URL: http://localhost:8000/api/v1/auth/me, Client: 127.0.0.1
2025-11-06 08:07:36 - app - INFO - Profile accessed by user: 2237889.aids.cec@cgc.edu.in
2025-11-06 08:07:37 - app - INFO - Request completed - Method: GET, URL: http://localhost:8000/api/v1/auth/me, Status: 200, Duration: 0.750s
2025-11-06 08:08:20 - app - INFO - Request started - Method: OPTIONS, URL: http://localhost:8000/api/v1/face/mark-attendance?session_id=bajaj, Client: 127.0.0.1
2025-11-06 08:08:20 - app - INFO - Request completed - Method: OPTIONS, URL: http://localhost:8000/api/v1/face/mark-attendance?session_id=bajaj, Status: 200, Duration: 0.001s
2025-11-06 08:08:20 - app - INFO - Request started - Method: POST, URL: http://localhost:8000/api/v1/face/mark-attendance?session_id=bajaj, Client: 127.0.0.1
2025-11-06 08:08:20 - app - INFO - Attendance marking attempt by user: 2237889.aids.cec@cgc.edu.in, session: bajaj
2025-11-06 08:08:22 - app - INFO - Found 2 face matches in attendance image
2025-11-06 08:08:23 - app - INFO - Request completed - Method: POST, URL: http://localhost:8000/api/v1/face/mark-attendance?session_id=bajaj, Status: 200, Duration: 2.731s
2025-11-06 08:11:43 - app - INFO - Successfully mounted static files directory at: C:\Users\gaura\OneDrive\Desktop\project-1\backend\static
2025-11-06 08:11:43 - app - INFO - Starting Face Recognition Attendance System v1.0.0
2025-11-06 08:11:43 - app - INFO - === REGISTERED ROUTES ===
2025-11-06 08:11:43 - app - INFO - API_V1_STR setting: /api/v1
2025-11-06 08:11:43 - app - INFO -   {'HEAD', 'GET'} /api/v1/openapi.json
2025-11-06 08:11:43 - app - INFO -   {'HEAD', 'GET'} /docs
2025-11-06 08:11:43 - app - INFO -   {'HEAD', 'GET'} /docs/oauth2-redirect
2025-11-06 08:11:43 - app - INFO -   {'HEAD', 'GET'} /redoc
2025-11-06 08:11:43 - app - INFO -   [MOUNT] /static
2025-11-06 08:11:43 - app - INFO -   {'POST'} /api/v1/auth/login
2025-11-06 08:11:43 - app - INFO -   {'POST'} /api/v1/auth/register
2025-11-06 08:11:43 - app - INFO -   {'GET'} /api/v1/auth/me
2025-11-06 08:11:43 - app - INFO -   {'POST'} /api/v1/face/register-face
2025-11-06 08:11:43 - app - INFO -   {'POST'} /api/v1/face/mark-attendance
2025-11-06 08:11:43 - app - INFO -   {'GET'} /api/v1/face/face-count
2025-11-06 08:11:43 - app - INFO -   {'GET'} /api/v1/attendance/records
2025-11-06 08:11:43 - app - INFO -   {'GET'} /api/v1/attendance/report
2025-11-06 08:11:43 - app - INFO -   {'DELETE'} /api/v1/attendance/records/{attendance_id}
2025-11-06 08:12:53 - app - INFO - Request started - Method: POST, URL: http://localhost:8000/api/v1/auth/login, Client: 127.0.0.1
2025-11-06 08:12:53 - app - INFO - Login attempt for user: 2237889.aids.cec@cgc.edu.in
2025-11-06 08:12:54 - app - INFO - Successful login for user: 2237889.aids.cec@cgc.edu.in
2025-11-06 08:12:54 - app - INFO - Request completed - Method: POST, URL: http://localhost:8000/api/v1/auth/login, Status: 200, Duration: 0.610s
2025-11-06 08:12:54 - app - INFO - Request started - Method: OPTIONS, URL: http://localhost:8000/api/v1/auth/me, Client: 127.0.0.1
2025-11-06 08:12:54 - app - INFO - Request completed - Method: OPTIONS, URL: http://localhost:8000/api/v1/auth/me, Status: 200, Duration: 0.001s
2025-11-06 08:12:54 - app - INFO - Request started - Method: GET, URL: http://localhost:8000/api/v1/auth/me, Client: 127.0.0.1
2025-11-06 08:12:54 - app - INFO - Profile accessed by user: 2237889.aids.cec@cgc.edu.in
2025-11-06 08:12:54 - app - INFO - Request completed - Method: GET, URL: http://localhost:8000/api/v1/auth/me, Status: 200, Duration: 0.024s
2025-11-06 10:15:01 - app - INFO - Successfully mounted static files directory at: C:\Users\gaura\OneDrive\Desktop\project-1\backend\static
2025-11-06 10:15:01 - app - INFO - Starting Face Recognition Attendance System v1.0.0
2025-11-06 10:15:01 - app - INFO - === REGISTERED ROUTES ===
2025-11-06 10:15:01 - app - INFO - API_V1_STR setting: /api/v1
2025-11-06 10:15:01 - app - INFO -   {'GET', 'HEAD'} /api/v1/openapi.json
2025-11-06 10:15:01 - app - INFO -   {'GET', 'HEAD'} /docs
2025-11-06 10:15:01 - app - INFO -   {'GET', 'HEAD'} /docs/oauth2-redirect
2025-11-06 10:15:01 - app - INFO -   {'GET', 'HEAD'} /redoc
2025-11-06 10:15:01 - app - INFO -   [MOUNT] /static
2025-11-06 10:15:01 - app - INFO -   {'POST'} /api/v1/auth/login
2025-11-06 10:15:01 - app - INFO -   {'POST'} /api/v1/auth/register
2025-11-06 10:15:01 - app - INFO -   {'GET'} /api/v1/auth/me
2025-11-06 10:15:01 - app - INFO -   {'POST'} /api/v1/face/register-face
2025-11-06 10:15:01 - app - INFO -   {'POST'} /api/v1/face/mark-attendance
2025-11-06 10:15:01 - app - INFO -   {'GET'} /api/v1/face/face-count
2025-11-06 10:15:01 - app - INFO -   {'GET'} /api/v1/attendance/records
2025-11-06 10:15:01 - app - INFO -   {'GET'} /api/v1/attendance/report
2025-11-06 10:15:01 - app - INFO -   {'DELETE'} /api/v1/attendance/records/{attendance_id}
2025-11-06 10:16:34 - app - INFO - Request started - Method: POST, URL: http://localhost:8000/api/v1/auth/login, Client: 127.0.0.1
2025-11-06 10:16:34 - app - INFO - Login attempt for user: 2237889.aids.cec@cgc.edu.in
2025-11-06 10:16:34 - app - INFO - Successful login for user: 2237889.aids.cec@cgc.edu.in
2025-11-06 10:16:34 - app - INFO - Request completed - Method: POST, URL: http://localhost:8000/api/v1/auth/login, Status: 200, Duration: 0.593s
2025-11-06 10:16:35 - app - INFO - Request started - Method: OPTIONS, URL: http://localhost:8000/api/v1/auth/me, Client: 127.0.0.1
2025-11-06 10:16:35 - app - INFO - Request completed - Method: OPTIONS, URL: http://localhost:8000/api/v1/auth/me, Status: 200, Duration: 0.002s
2025-11-06 10:16:35 - app - INFO - Request started - Method: GET, URL: http://localhost:8000/api/v1/auth/me, Client: 127.0.0.1
2025-11-06 10:16:35 - app - INFO - Profile accessed by user: 2237889.aids.cec@cgc.edu.in
2025-11-06 10:16:35 - app - INFO - Request completed - Method: GET, URL: http://localhost:8000/api/v1/auth/me, Status: 200, Duration: 0.025s
2025-11-06 10:25:11 - app - INFO - Request started - Method: POST, URL: http://localhost:8000/api/v1/auth/login, Client: 127.0.0.1
2025-11-06 10:25:11 - app - INFO - Login attempt for user: 2237889.aids.cec@cgc.edu.in
2025-11-06 10:25:12 - app - INFO - Successful login for user: 2237889.aids.cec@cgc.edu.in
2025-11-06 10:25:12 - app - INFO - Request completed - Method: POST, URL: http://localhost:8000/api/v1/auth/login, Status: 200, Duration: 0.488s
2025-11-06 10:25:12 - app - INFO - Request started - Method: GET, URL: http://localhost:8000/api/v1/auth/me, Client: 127.0.0.1
2025-11-06 10:25:12 - app - INFO - Profile accessed by user: 2237889.aids.cec@cgc.edu.in
2025-11-06 10:25:12 - app - INFO - Request completed - Method: GET, URL: http://localhost:8000/api/v1/auth/me, Status: 200, Duration: 0.020s
2025-11-06 10:25:44 - app - INFO - Request started - Method: OPTIONS, URL: http://localhost:8000/api/v1/face/mark-attendance?session_id=r_progrmming_06, Client: 127.0.0.1
2025-11-06 10:25:44 - app - INFO - Request completed - Method: OPTIONS, URL: http://localhost:8000/api/v1/face/mark-attendance?session_id=r_progrmming_06, Status: 200, Duration: 0.002s
2025-11-06 10:25:44 - app - INFO - Request started - Method: POST, URL: http://localhost:8000/api/v1/face/mark-attendance?session_id=r_progrmming_06, Client: 127.0.0.1
2025-11-06 10:25:44 - app - INFO - Attendance marking attempt by user: 2237889.aids.cec@cgc.edu.in, session: r_progrmming_06
2025-11-06 10:25:47 - app - INFO - Found 1 face matches in attendance image
2025-11-06 10:25:47 - app - INFO - Request completed - Method: POST, URL: http://localhost:8000/api/v1/face/mark-attendance?session_id=r_progrmming_06, Status: 200, Duration: 2.414s
